2026-05-06 21:56:48,442 - INFO - ================================================================================
2026-05-06 21:56:48,445 - INFO - CLEAN EXTRACTED TSV FILES — STARTED
2026-05-06 21:56:48,447 - INFO - ================================================================================
2026-05-06 21:56:48,490 - INFO - 
[1/5] Loading patent.tsv...
2026-05-06 21:57:28,741 - INFO - Patents: 9,454,161 rows | Read time: 40.24s
2026-05-06 21:57:28,814 - INFO - [2/5] Loading abstract.tsv...
2026-05-06 22:03:01,530 - INFO - Abstracts: 9,454,161 rows | Read time: 332.71s
2026-05-06 22:03:01,606 - INFO - [3/5] Loading inventor.tsv...
2026-05-06 22:04:51,641 - INFO - Inventors: 24,037,380 rows | Read time: 110.02s
2026-05-06 22:04:51,666 - INFO - [4/5] Loading location.tsv...
2026-05-06 22:04:51,822 - INFO - Locations: 100,452 rows | Read time: 0.15s
2026-05-06 22:04:51,844 - INFO - [5/5] Loading assignee.tsv...
2026-05-06 22:05:18,135 - INFO - Assignees: 8,751,310 rows | Read time: 26.28s
2026-05-06 22:12:48,301 - INFO - ================================================================================
2026-05-06 22:12:48,303 - INFO - CLEAN EXTRACTED TSV FILES — STARTED
2026-05-06 22:12:48,306 - INFO - ================================================================================
2026-05-06 22:12:48,341 - INFO - 
[1/5] Loading patent.tsv...
2026-05-06 22:13:18,568 - INFO - Patents: 9,454,161 rows | Read time: 30.23s
2026-05-06 22:13:18,590 - INFO - [2/5] Loading abstract.tsv...
2026-05-06 22:24:33,064 - INFO - ================================================================================
2026-05-06 22:24:33,066 - INFO - CLEAN EXTRACTED TSV FILES — STARTED
2026-05-06 22:24:33,068 - INFO - ================================================================================
2026-05-06 22:24:33,093 - INFO - 
[1/5] Loading patent.tsv...
2026-05-06 22:25:07,267 - INFO - Patents: 9,454,161 rows | Read time: 34.17s
2026-05-06 22:25:07,284 - INFO - [2/5] Loading abstract.tsv...
2026-05-06 22:28:02,449 - INFO - Abstracts: 9,454,161 rows | Read time: 175.16s
2026-05-06 22:28:02,470 - INFO - [3/5] Loading inventor.tsv...
2026-05-06 22:30:14,776 - INFO - Inventors: 24,037,380 rows | Read time: 132.30s
2026-05-06 22:30:15,643 - INFO - [4/5] Loading location.tsv...
2026-05-06 22:30:15,986 - INFO - Locations: 100,452 rows | Read time: 0.34s
2026-05-06 22:30:16,005 - INFO - [5/5] Loading assignee.tsv...
2026-05-06 22:30:46,047 - INFO - Assignees: 8,751,310 rows | Read time: 30.04s
2026-05-06 22:36:22,662 - INFO - ================================================================================
2026-05-06 22:36:22,664 - INFO - CLEAN EXTRACTED TSV FILES — STARTED
2026-05-06 22:36:22,667 - INFO - ================================================================================
2026-05-06 22:36:22,723 - INFO - 
[1/5] Loading patent.tsv...
2026-05-06 22:36:50,824 - INFO - Patents: 9,454,161 rows | Read time: 28.10s
2026-05-06 22:36:50,842 - INFO - [2/5] Loading abstract.tsv...
2026-05-06 22:38:58,334 - INFO - Abstracts: 9,454,161 rows | Read time: 127.49s
2026-05-06 22:38:58,349 - INFO - [3/5] Loading inventor.tsv...
2026-05-06 22:40:40,357 - INFO - Inventors: 24,037,380 rows | Read time: 102.01s
2026-05-06 22:40:40,376 - INFO - [4/5] Loading location.tsv...
2026-05-06 22:40:40,537 - INFO - Locations: 100,452 rows | Read time: 0.16s
2026-05-06 22:40:40,552 - INFO - [5/5] Loading assignee.tsv...
2026-05-06 22:41:07,136 - INFO - Assignees: 8,751,310 rows | Read time: 26.58s
2026-05-07 01:54:04,049 - INFO - ================================================================================
2026-05-07 01:54:04,052 - INFO - CLEAN EXTRACTED TSV FILES — STARTED
2026-05-07 01:54:04,054 - INFO - ================================================================================
2026-05-07 01:54:04,072 - INFO - 
[1/5] Loading patent.tsv...
2026-05-07 01:55:39,787 - INFO - ================================================================================
2026-05-07 01:55:39,789 - INFO - CLEAN EXTRACTED TSV FILES — STARTED
2026-05-07 01:55:39,791 - INFO - ================================================================================
2026-05-07 01:55:39,814 - INFO - 
[1/5] Loading patent.tsv...
2026-05-07 01:56:15,585 - INFO - Patents: 9,454,161 rows | Read time: 35.77s
2026-05-07 01:56:15,605 - INFO - [2/5] Loading abstract.tsv...
