2026-05-09 11:06:14 | INFO     | ========================================================================
2026-05-09 11:06:14 | INFO     | PATENT DATA PIPELINE — STARTUP
2026-05-09 11:06:14 | INFO     | ========================================================================
2026-05-09 11:06:14 | INFO     | Timestamp   : 2026-05-09 11:06:14
2026-05-09 11:06:14 | INFO     | OS          : Windows 11 (10.0.22631)
2026-05-09 11:06:14 | INFO     | Machine     : AMD64
2026-05-09 11:06:14 | INFO     | CPU         : Intel64 Family 6 Model 78 Stepping 3, GenuineIntel
2026-05-09 11:06:14 | INFO     | CPU Cores   : 2 physical / 4 logical
2026-05-09 11:06:14 | INFO     | Total RAM   : 25.64 GB
2026-05-09 11:06:14 | INFO     | Available   : 11.18 GB
2026-05-09 11:06:14 | INFO     | Python      : 3.13.7
2026-05-09 11:06:14 | INFO     | ========================================================================
2026-05-09 11:06:14 | INFO     | Connecting to: localhost:5111/patents
2026-05-09 11:06:14 | INFO     | Database connection established
2026-05-09 11:06:14 | INFO     | Applying schema.sql ...
2026-05-09 11:06:14 | INFO     |   ✓ schema.sql applied — all tables dropped and recreated

2026-05-09 11:06:14 | INFO     | [1/4] Reading clean_patents.csv ...
2026-05-09 11:11:11 | INFO     |       Read 9,454,161 rows | columns: ['patent_id', 'title', 'abstract', 'filing_date', 'year']
2026-05-09 11:11:11 | INFO     |   Loading 'patents': 9,454,161 rows | 946 chunks × 10,000
2026-05-09 11:11:17 | INFO     |     [patents] chunk    1/946 | rows         1–   10,000 |  5.71s | CPU  25.0% | RAM  64.5%
2026-05-09 11:11:24 | INFO     |     [patents] chunk    2/946 | rows    10,001–   20,000 |  6.98s | CPU  28.6% | RAM  63.9%
2026-05-09 11:11:31 | INFO     |     [patents] chunk    3/946 | rows    20,001–   30,000 |  6.69s | CPU  25.0% | RAM  63.4%
2026-05-09 11:11:37 | INFO     |     [patents] chunk    4/946 | rows    30,001–   40,000 |  6.36s | CPU   7.7% | RAM  62.5%
2026-05-09 11:11:46 | INFO     |     [patents] chunk    5/946 | rows    40,001–   50,000 |  8.42s | CPU  33.3% | RAM  62.0%
2026-05-09 11:11:53 | INFO     |     [patents] chunk    6/946 | rows    50,001–   60,000 |  6.70s | CPU  18.8% | RAM  60.6%
2026-05-09 11:12:00 | INFO     |     [patents] chunk    7/946 | rows    60,001–   70,000 |  7.49s | CPU 100.0% | RAM  59.9%
2026-05-09 11:12:09 | INFO     |     [patents] chunk    8/946 | rows    70,001–   80,000 |  8.40s | CPU  18.2% | RAM  59.4%
2026-05-09 11:12:24 | INFO     |     [patents] chunk    9/946 | rows    80,001–   90,000 | 15.22s | CPU 100.0% | RAM  60.1%
2026-05-09 11:12:33 | INFO     |     [patents] chunk   10/946 | rows    90,001–  100,000 |  9.11s | CPU 100.0% | RAM  60.4%
2026-05-09 11:12:44 | INFO     |     [patents] chunk   11/946 | rows   100,001–  110,000 | 10.53s | CPU  18.2% | RAM  60.0%
2026-05-09 11:12:49 | INFO     |     [patents] chunk   12/946 | rows   110,001–  120,000 |  5.54s | CPU  23.1% | RAM  58.9%
2026-05-09 11:12:54 | INFO     |     [patents] chunk   13/946 | rows   120,001–  130,000 |  4.40s | CPU  25.0% | RAM  57.4%
2026-05-09 11:12:58 | INFO     |     [patents] chunk   14/946 | rows   130,001–  140,000 |  4.06s | CPU   8.3% | RAM  57.4%
2026-05-09 11:13:02 | INFO     |     [patents] chunk   15/946 | rows   140,001–  150,000 |  4.06s | CPU  16.7% | RAM  57.4%
2026-05-09 11:13:06 | INFO     |     [patents] chunk   16/946 | rows   150,001–  160,000 |  4.18s | CPU   9.1% | RAM  57.3%
2026-05-09 11:13:11 | INFO     |     [patents] chunk   17/946 | rows   160,001–  170,000 |  4.28s | CPU  31.2% | RAM  57.2%
2026-05-09 11:13:15 | INFO     |     [patents] chunk   18/946 | rows   170,001–  180,000 |  4.05s | CPU   7.1% | RAM  57.2%
2026-05-09 11:13:19 | INFO     |     [patents] chunk   19/946 | rows   180,001–  190,000 |  3.98s | CPU  15.4% | RAM  57.4%
2026-05-09 11:13:23 | INFO     |     [patents] chunk   20/946 | rows   190,001–  200,000 |  4.32s | CPU   8.3% | RAM  57.4%
2026-05-09 11:13:27 | INFO     |     [patents] chunk   21/946 | rows   200,001–  210,000 |  3.98s | CPU   0.0% | RAM  57.5%
2026-05-09 11:13:34 | INFO     |     [patents] chunk   22/946 | rows   210,001–  220,000 |  7.02s | CPU  23.1% | RAM  57.3%
2026-05-09 11:13:39 | INFO     |     [patents] chunk   23/946 | rows   220,001–  230,000 |  5.07s | CPU  16.7% | RAM  57.5%
2026-05-09 11:13:44 | INFO     |     [patents] chunk   24/946 | rows   230,001–  240,000 |  4.75s | CPU   0.0% | RAM  57.6%
2026-05-09 11:13:49 | INFO     |     [patents] chunk   25/946 | rows   240,001–  250,000 |  5.23s | CPU  16.7% | RAM  57.4%
2026-05-09 11:13:55 | INFO     |     [patents] chunk   26/946 | rows   250,001–  260,000 |  5.04s | CPU  50.0% | RAM  57.5%
2026-05-09 11:14:00 | INFO     |     [patents] chunk   27/946 | rows   260,001–  270,000 |  5.78s | CPU  15.4% | RAM  57.6%
2026-05-09 11:14:05 | INFO     |     [patents] chunk   28/946 | rows   270,001–  280,000 |  4.89s | CPU   0.0% | RAM  57.9%
2026-05-09 11:14:11 | INFO     |     [patents] chunk   29/946 | rows   280,001–  290,000 |  5.41s | CPU 100.0% | RAM  58.2%
2026-05-09 11:14:16 | INFO     |     [patents] chunk   30/946 | rows   290,001–  300,000 |  4.80s | CPU  14.3% | RAM  58.4%
2026-05-09 11:14:21 | INFO     |     [patents] chunk   31/946 | rows   300,001–  310,000 |  5.45s | CPU  15.4% | RAM  59.0%
2026-05-09 11:14:28 | INFO     |     [patents] chunk   32/946 | rows   310,001–  320,000 |  6.50s | CPU  25.0% | RAM  60.2%
2026-05-09 11:14:37 | INFO     |     [patents] chunk   33/946 | rows   320,001–  330,000 |  9.06s | CPU  21.4% | RAM  60.1%
2026-05-09 11:14:44 | INFO     |     [patents] chunk   34/946 | rows   330,001–  340,000 |  7.31s | CPU  16.7% | RAM  60.8%
2026-05-09 11:14:52 | INFO     |     [patents] chunk   35/946 | rows   340,001–  350,000 |  7.70s | CPU  20.0% | RAM  60.5%
2026-05-09 11:14:59 | INFO     |     [patents] chunk   36/946 | rows   350,001–  360,000 |  7.36s | CPU   8.3% | RAM  60.5%
2026-05-09 11:15:05 | INFO     |     [patents] chunk   37/946 | rows   360,001–  370,000 |  5.28s | CPU  33.3% | RAM  60.4%
2026-05-09 11:15:10 | INFO     |     [patents] chunk   38/946 | rows   370,001–  380,000 |  5.03s | CPU  23.1% | RAM  59.7%
2026-05-09 11:15:15 | INFO     |     [patents] chunk   39/946 | rows   380,001–  390,000 |  5.17s | CPU  16.7% | RAM  60.0%
2026-05-09 11:15:21 | INFO     |     [patents] chunk   40/946 | rows   390,001–  400,000 |  5.28s | CPU   8.3% | RAM  60.2%
2026-05-09 11:15:26 | INFO     |     [patents] chunk   41/946 | rows   400,001–  410,000 |  5.14s | CPU  18.8% | RAM  60.1%
2026-05-09 11:15:31 | INFO     |     [patents] chunk   42/946 | rows   410,001–  420,000 |  5.04s | CPU  16.7% | RAM  60.1%
2026-05-09 11:15:35 | INFO     |     [patents] chunk   43/946 | rows   420,001–  430,000 |  4.58s | CPU   8.3% | RAM  60.1%
2026-05-09 11:15:41 | INFO     |     [patents] chunk   44/946 | rows   430,001–  440,000 |  5.28s | CPU  25.0% | RAM  60.2%
2026-05-09 11:15:47 | INFO     |     [patents] chunk   45/946 | rows   440,001–  450,000 |  6.06s | CPU  25.0% | RAM  60.3%
2026-05-09 11:15:52 | INFO     |     [patents] chunk   46/946 | rows   450,001–  460,000 |  4.90s | CPU  21.4% | RAM  60.2%
2026-05-09 11:15:57 | INFO     |     [patents] chunk   47/946 | rows   460,001–  470,000 |  4.60s | CPU  14.3% | RAM  60.2%
2026-05-09 11:16:02 | INFO     |     [patents] chunk   48/946 | rows   470,001–  480,000 |  4.95s | CPU   0.0% | RAM  60.3%
2026-05-09 11:16:06 | INFO     |     [patents] chunk   49/946 | rows   480,001–  490,000 |  4.58s | CPU  16.7% | RAM  60.5%
2026-05-09 11:16:11 | INFO     |     [patents] chunk   50/946 | rows   490,001–  500,000 |  4.76s | CPU  12.5% | RAM  60.7%
2026-05-09 11:16:17 | INFO     |     [patents] chunk   51/946 | rows   500,001–  510,000 |  5.69s | CPU  23.1% | RAM  61.0%
2026-05-09 11:16:22 | INFO     |     [patents] chunk   52/946 | rows   510,001–  520,000 |  5.10s | CPU  23.1% | RAM  60.9%
2026-05-09 11:16:28 | INFO     |     [patents] chunk   53/946 | rows   520,001–  530,000 |  6.10s | CPU   8.3% | RAM  60.1%
2026-05-09 11:16:34 | INFO     |     [patents] chunk   54/946 | rows   530,001–  540,000 |  5.67s | CPU   0.0% | RAM  60.1%
2026-05-09 11:16:40 | INFO     |     [patents] chunk   55/946 | rows   540,001–  550,000 |  6.44s | CPU  23.1% | RAM  60.7%
2026-05-09 11:16:46 | INFO     |     [patents] chunk   56/946 | rows   550,001–  560,000 |  5.63s | CPU   8.3% | RAM  59.9%
2026-05-09 11:16:52 | INFO     |     [patents] chunk   57/946 | rows   560,001–  570,000 |  6.22s | CPU  15.4% | RAM  60.0%
2026-05-09 11:16:57 | INFO     |     [patents] chunk   58/946 | rows   570,001–  580,000 |  4.87s | CPU  31.2% | RAM  60.1%
2026-05-09 11:17:02 | INFO     |     [patents] chunk   59/946 | rows   580,001–  590,000 |  4.85s | CPU   7.7% | RAM  60.1%
2026-05-09 11:17:07 | INFO     |     [patents] chunk   60/946 | rows   590,001–  600,000 |  4.87s | CPU   0.0% | RAM  60.3%
2026-05-09 11:17:12 | INFO     |     [patents] chunk   61/946 | rows   600,001–  610,000 |  5.12s | CPU  28.6% | RAM  60.0%
2026-05-09 11:17:17 | INFO     |     [patents] chunk   62/946 | rows   610,001–  620,000 |  4.50s | CPU   6.7% | RAM  60.4%
2026-05-09 11:17:22 | INFO     |     [patents] chunk   63/946 | rows   620,001–  630,000 |  5.61s | CPU  18.2% | RAM  60.6%
2026-05-09 11:17:28 | INFO     |     [patents] chunk   64/946 | rows   630,001–  640,000 |  5.05s | CPU   0.0% | RAM  60.8%
2026-05-09 11:17:32 | INFO     |     [patents] chunk   65/946 | rows   640,001–  650,000 |  4.82s | CPU  15.4% | RAM  60.9%
2026-05-09 11:17:37 | INFO     |     [patents] chunk   66/946 | rows   650,001–  660,000 |  4.39s | CPU  25.0% | RAM  61.1%
2026-05-09 11:17:42 | INFO     |     [patents] chunk   67/946 | rows   660,001–  670,000 |  4.55s | CPU   7.7% | RAM  60.5%
2026-05-09 11:17:46 | INFO     |     [patents] chunk   68/946 | rows   670,001–  680,000 |  4.28s | CPU   7.1% | RAM  60.5%
2026-05-09 11:17:51 | INFO     |     [patents] chunk   69/946 | rows   680,001–  690,000 |  4.98s | CPU  25.0% | RAM  60.6%
2026-05-09 11:17:56 | INFO     |     [patents] chunk   70/946 | rows   690,001–  700,000 |  4.93s | CPU  15.4% | RAM  60.8%
2026-05-09 11:18:01 | INFO     |     [patents] chunk   71/946 | rows   700,001–  710,000 |  5.30s | CPU  18.2% | RAM  60.9%
2026-05-09 11:18:06 | INFO     |     [patents] chunk   72/946 | rows   710,001–  720,000 |  4.74s | CPU  20.0% | RAM  60.9%
2026-05-09 11:18:11 | INFO     |     [patents] chunk   73/946 | rows   720,001–  730,000 |  5.15s | CPU  30.8% | RAM  60.9%
2026-05-09 11:18:16 | INFO     |     [patents] chunk   74/946 | rows   730,001–  740,000 |  4.79s | CPU  11.8% | RAM  60.7%
2026-05-09 11:18:22 | INFO     |     [patents] chunk   75/946 | rows   740,001–  750,000 |  5.61s | CPU  30.8% | RAM  61.0%
2026-05-09 11:18:26 | INFO     |     [patents] chunk   76/946 | rows   750,001–  760,000 |  4.46s | CPU  15.4% | RAM  60.8%
2026-05-09 11:18:31 | INFO     |     [patents] chunk   77/946 | rows   760,001–  770,000 |  4.53s | CPU   7.7% | RAM  60.9%
2026-05-09 11:18:35 | INFO     |     [patents] chunk   78/946 | rows   770,001–  780,000 |  4.39s | CPU   6.7% | RAM  60.9%
2026-05-09 11:18:40 | INFO     |     [patents] chunk   79/946 | rows   780,001–  790,000 |  4.17s | CPU   8.3% | RAM  60.8%
2026-05-09 11:18:45 | INFO     |     [patents] chunk   80/946 | rows   790,001–  800,000 |  5.11s | CPU  16.7% | RAM  60.9%
2026-05-09 11:18:50 | INFO     |     [patents] chunk   81/946 | rows   800,001–  810,000 |  4.85s | CPU  15.4% | RAM  60.7%
2026-05-09 11:18:55 | INFO     |     [patents] chunk   82/946 | rows   810,001–  820,000 |  5.23s | CPU   7.7% | RAM  59.6%
2026-05-09 11:19:00 | INFO     |     [patents] chunk   83/946 | rows   820,001–  830,000 |  4.95s | CPU  14.3% | RAM  59.6%
2026-05-09 11:19:05 | INFO     |     [patents] chunk   84/946 | rows   830,001–  840,000 |  4.74s | CPU  12.5% | RAM  59.7%
2026-05-09 11:19:10 | INFO     |     [patents] chunk   85/946 | rows   840,001–  850,000 |  4.78s | CPU  41.7% | RAM  59.9%
2026-05-09 11:19:15 | INFO     |     [patents] chunk   86/946 | rows   850,001–  860,000 |  5.04s | CPU   0.0% | RAM  60.1%
2026-05-09 11:19:20 | INFO     |     [patents] chunk   87/946 | rows   860,001–  870,000 |  5.00s | CPU  18.2% | RAM  59.7%
2026-05-09 11:19:24 | INFO     |     [patents] chunk   88/946 | rows   870,001–  880,000 |  4.51s | CPU  27.3% | RAM  59.7%
2026-05-09 11:19:29 | INFO     |     [patents] chunk   89/946 | rows   880,001–  890,000 |  4.31s | CPU   0.0% | RAM  59.7%
2026-05-09 11:19:33 | INFO     |     [patents] chunk   90/946 | rows   890,001–  900,000 |  4.40s | CPU   0.0% | RAM  59.8%
2026-05-09 11:19:38 | INFO     |     [patents] chunk   91/946 | rows   900,001–  910,000 |  4.67s | CPU   8.3% | RAM  60.4%
2026-05-09 11:19:43 | INFO     |     [patents] chunk   92/946 | rows   910,001–  920,000 |  5.01s | CPU  27.8% | RAM  60.6%
2026-05-09 11:19:48 | INFO     |     [patents] chunk   93/946 | rows   920,001–  930,000 |  4.53s | CPU  16.7% | RAM  60.6%
2026-05-09 11:19:52 | INFO     |     [patents] chunk   94/946 | rows   930,001–  940,000 |  4.39s | CPU  10.0% | RAM  60.6%
2026-05-09 11:19:56 | INFO     |     [patents] chunk   95/946 | rows   940,001–  950,000 |  4.39s | CPU  23.1% | RAM  59.6%
2026-05-09 11:20:01 | INFO     |     [patents] chunk   96/946 | rows   950,001–  960,000 |  4.67s | CPU   0.0% | RAM  59.7%
2026-05-09 11:20:06 | INFO     |     [patents] chunk   97/946 | rows   960,001–  970,000 |  4.61s | CPU  25.0% | RAM  60.4%
2026-05-09 11:20:11 | INFO     |     [patents] chunk   98/946 | rows   970,001–  980,000 |  5.11s | CPU  14.3% | RAM  60.6%
2026-05-09 11:20:16 | INFO     |     [patents] chunk   99/946 | rows   980,001–  990,000 |  4.44s | CPU  25.0% | RAM  60.7%
2026-05-09 11:20:21 | INFO     |     [patents] chunk  100/946 | rows   990,001–1,000,000 |  5.36s | CPU   8.3% | RAM  61.1%
2026-05-09 11:20:26 | INFO     |     [patents] chunk  101/946 | rows 1,000,001–1,010,000 |  4.92s | CPU   6.7% | RAM  61.2%
2026-05-09 11:20:31 | INFO     |     [patents] chunk  102/946 | rows 1,010,001–1,020,000 |  4.93s | CPU  25.0% | RAM  61.2%
2026-05-09 11:20:36 | INFO     |     [patents] chunk  103/946 | rows 1,020,001–1,030,000 |  4.72s | CPU   8.3% | RAM  61.2%
2026-05-09 11:20:40 | INFO     |     [patents] chunk  104/946 | rows 1,030,001–1,040,000 |  4.67s | CPU   6.7% | RAM  61.4%
2026-05-09 11:20:45 | INFO     |     [patents] chunk  105/946 | rows 1,040,001–1,050,000 |  4.98s | CPU   0.0% | RAM  61.5%
2026-05-09 11:20:50 | INFO     |     [patents] chunk  106/946 | rows 1,050,001–1,060,000 |  4.54s | CPU  60.0% | RAM  61.1%
2026-05-09 11:20:57 | INFO     |     [patents] chunk  107/946 | rows 1,060,001–1,070,000 |  6.54s | CPU  16.7% | RAM  61.4%
2026-05-09 11:21:03 | INFO     |     [patents] chunk  108/946 | rows 1,070,001–1,080,000 |  6.52s | CPU   8.3% | RAM  61.7%
2026-05-09 11:21:09 | INFO     |     [patents] chunk  109/946 | rows 1,080,001–1,090,000 |  5.69s | CPU  58.3% | RAM  60.8%
2026-05-09 11:21:16 | INFO     |     [patents] chunk  110/946 | rows 1,090,001–1,100,000 |  7.07s | CPU  23.1% | RAM  60.7%
2026-05-09 11:21:22 | INFO     |     [patents] chunk  111/946 | rows 1,100,001–1,110,000 |  5.57s | CPU  12.5% | RAM  61.0%
2026-05-09 11:21:27 | INFO     |     [patents] chunk  112/946 | rows 1,110,001–1,120,000 |  5.31s | CPU  35.7% | RAM  60.4%
2026-05-09 11:21:32 | INFO     |     [patents] chunk  113/946 | rows 1,120,001–1,130,000 |  5.13s | CPU  15.4% | RAM  60.4%
2026-05-09 11:21:37 | INFO     |     [patents] chunk  114/946 | rows 1,130,001–1,140,000 |  4.50s | CPU  25.0% | RAM  60.4%
2026-05-09 11:21:42 | INFO     |     [patents] chunk  115/946 | rows 1,140,001–1,150,000 |  4.82s | CPU  16.7% | RAM  60.5%
2026-05-09 11:21:48 | INFO     |     [patents] chunk  116/946 | rows 1,150,001–1,160,000 |  5.62s | CPU   8.3% | RAM  60.7%
2026-05-09 11:21:53 | INFO     |     [patents] chunk  117/946 | rows 1,160,001–1,170,000 |  5.66s | CPU   8.3% | RAM  60.4%
2026-05-09 11:21:59 | INFO     |     [patents] chunk  118/946 | rows 1,170,001–1,180,000 |  5.34s | CPU   8.3% | RAM  60.5%
2026-05-09 11:22:04 | INFO     |     [patents] chunk  119/946 | rows 1,180,001–1,190,000 |  4.96s | CPU  14.3% | RAM  60.6%
2026-05-09 11:22:08 | INFO     |     [patents] chunk  120/946 | rows 1,190,001–1,200,000 |  4.30s | CPU   8.3% | RAM  60.7%
2026-05-09 11:22:13 | INFO     |     [patents] chunk  121/946 | rows 1,200,001–1,210,000 |  4.44s | CPU   0.0% | RAM  60.8%
2026-05-09 11:22:18 | INFO     |     [patents] chunk  122/946 | rows 1,210,001–1,220,000 |  5.02s | CPU 100.0% | RAM  61.0%
2026-05-09 11:22:23 | INFO     |     [patents] chunk  123/946 | rows 1,220,001–1,230,000 |  5.10s | CPU  40.0% | RAM  61.6%
2026-05-09 11:22:29 | INFO     |     [patents] chunk  124/946 | rows 1,230,001–1,240,000 |  5.77s | CPU   7.7% | RAM  61.8%
2026-05-09 11:22:35 | INFO     |     [patents] chunk  125/946 | rows 1,240,001–1,250,000 |  5.96s | CPU  14.3% | RAM  61.9%
2026-05-09 11:22:40 | INFO     |     [patents] chunk  126/946 | rows 1,250,001–1,260,000 |  5.03s | CPU   0.0% | RAM  61.8%
2026-05-09 11:22:46 | INFO     |     [patents] chunk  127/946 | rows 1,260,001–1,270,000 |  6.34s | CPU  21.4% | RAM  62.0%
2026-05-09 11:22:52 | INFO     |     [patents] chunk  128/946 | rows 1,270,001–1,280,000 |  6.05s | CPU   0.0% | RAM  61.9%
2026-05-09 11:22:57 | INFO     |     [patents] chunk  129/946 | rows 1,280,001–1,290,000 |  4.96s | CPU   0.0% | RAM  61.9%
2026-05-09 11:23:02 | INFO     |     [patents] chunk  130/946 | rows 1,290,001–1,300,000 |  4.64s | CPU   0.0% | RAM  62.2%
2026-05-09 11:23:07 | INFO     |     [patents] chunk  131/946 | rows 1,300,001–1,310,000 |  4.47s | CPU  16.7% | RAM  62.4%
2026-05-09 11:23:11 | INFO     |     [patents] chunk  132/946 | rows 1,310,001–1,320,000 |  4.37s | CPU  30.8% | RAM  62.5%
2026-05-09 11:23:15 | INFO     |     [patents] chunk  133/946 | rows 1,320,001–1,330,000 |  4.29s | CPU   0.0% | RAM  62.6%
2026-05-09 11:23:20 | INFO     |     [patents] chunk  134/946 | rows 1,330,001–1,340,000 |  4.71s | CPU  33.3% | RAM  63.2%
2026-05-09 11:23:25 | INFO     |     [patents] chunk  135/946 | rows 1,340,001–1,350,000 |  5.02s | CPU  28.6% | RAM  63.1%
2026-05-09 11:23:31 | INFO     |     [patents] chunk  136/946 | rows 1,350,001–1,360,000 |  5.71s | CPU  27.3% | RAM  62.3%
2026-05-09 11:23:36 | INFO     |     [patents] chunk  137/946 | rows 1,360,001–1,370,000 |  5.37s | CPU  10.0% | RAM  62.3%
2026-05-09 11:23:43 | INFO     |     [patents] chunk  138/946 | rows 1,370,001–1,380,000 |  6.45s | CPU   8.3% | RAM  62.6%
2026-05-09 11:23:48 | INFO     |     [patents] chunk  139/946 | rows 1,380,001–1,390,000 |  5.01s | CPU  25.0% | RAM  62.8%
2026-05-09 11:23:55 | INFO     |     [patents] chunk  140/946 | rows 1,390,001–1,400,000 |  6.65s | CPU  16.7% | RAM  62.5%
2026-05-09 11:24:00 | INFO     |     [patents] chunk  141/946 | rows 1,400,001–1,410,000 |  4.78s | CPU  25.0% | RAM  62.7%
2026-05-09 11:24:05 | INFO     |     [patents] chunk  142/946 | rows 1,410,001–1,420,000 |  5.70s | CPU   7.1% | RAM  63.0%
2026-05-09 11:24:11 | INFO     |     [patents] chunk  143/946 | rows 1,420,001–1,430,000 |  5.38s | CPU  40.0% | RAM  63.1%
2026-05-09 11:24:16 | INFO     |     [patents] chunk  144/946 | rows 1,430,001–1,440,000 |  5.31s | CPU   8.3% | RAM  63.2%
2026-05-09 11:24:23 | INFO     |     [patents] chunk  145/946 | rows 1,440,001–1,450,000 |  7.01s | CPU  25.0% | RAM  63.0%
2026-05-09 11:24:29 | INFO     |     [patents] chunk  146/946 | rows 1,450,001–1,460,000 |  5.65s | CPU  15.4% | RAM  62.9%
2026-05-09 11:24:34 | INFO     |     [patents] chunk  147/946 | rows 1,460,001–1,470,000 |  5.19s | CPU   0.0% | RAM  63.0%
2026-05-09 11:24:39 | INFO     |     [patents] chunk  148/946 | rows 1,470,001–1,480,000 |  4.30s | CPU  25.0% | RAM  62.9%
2026-05-09 11:24:43 | INFO     |     [patents] chunk  149/946 | rows 1,480,001–1,490,000 |  4.70s | CPU  33.3% | RAM  62.0%
2026-05-09 11:24:48 | INFO     |     [patents] chunk  150/946 | rows 1,490,001–1,500,000 |  4.49s | CPU  13.3% | RAM  62.2%
2026-05-09 11:24:53 | INFO     |     [patents] chunk  151/946 | rows 1,500,001–1,510,000 |  5.39s | CPU  23.1% | RAM  62.2%
2026-05-09 11:24:58 | INFO     |     [patents] chunk  152/946 | rows 1,510,001–1,520,000 |  4.78s | CPU   0.0% | RAM  62.3%
2026-05-09 11:25:04 | INFO     |     [patents] chunk  153/946 | rows 1,520,001–1,530,000 |  5.68s | CPU  15.4% | RAM  62.7%
2026-05-09 11:25:09 | INFO     |     [patents] chunk  154/946 | rows 1,530,001–1,540,000 |  4.88s | CPU  44.4% | RAM  62.7%
2026-05-09 11:25:14 | INFO     |     [patents] chunk  155/946 | rows 1,540,001–1,550,000 |  4.95s | CPU  30.8% | RAM  62.8%
2026-05-09 11:25:19 | INFO     |     [patents] chunk  156/946 | rows 1,550,001–1,560,000 |  4.61s | CPU   8.3% | RAM  62.9%
2026-05-09 11:25:24 | INFO     |     [patents] chunk  157/946 | rows 1,560,001–1,570,000 |  5.20s | CPU  36.4% | RAM  63.2%
2026-05-09 11:25:28 | INFO     |     [patents] chunk  158/946 | rows 1,570,001–1,580,000 |  4.59s | CPU   0.0% | RAM  63.4%
2026-05-09 11:25:33 | INFO     |     [patents] chunk  159/946 | rows 1,580,001–1,590,000 |  4.84s | CPU  33.3% | RAM  63.4%
2026-05-09 11:25:38 | INFO     |     [patents] chunk  160/946 | rows 1,590,001–1,600,000 |  4.53s | CPU   7.1% | RAM  63.6%
2026-05-09 11:25:43 | INFO     |     [patents] chunk  161/946 | rows 1,600,001–1,610,000 |  4.58s | CPU  18.2% | RAM  63.3%
2026-05-09 11:25:47 | INFO     |     [patents] chunk  162/946 | rows 1,610,001–1,620,000 |  4.43s | CPU  25.0% | RAM  63.2%
2026-05-09 11:25:52 | INFO     |     [patents] chunk  163/946 | rows 1,620,001–1,630,000 |  4.63s | CPU   0.0% | RAM  62.3%
2026-05-09 11:25:57 | INFO     |     [patents] chunk  164/946 | rows 1,630,001–1,640,000 |  5.19s | CPU   0.0% | RAM  62.5%
2026-05-09 11:26:02 | INFO     |     [patents] chunk  165/946 | rows 1,640,001–1,650,000 |  5.05s | CPU  25.0% | RAM  62.6%
2026-05-09 11:26:07 | INFO     |     [patents] chunk  166/946 | rows 1,650,001–1,660,000 |  4.57s | CPU   8.3% | RAM  62.6%
2026-05-09 11:26:12 | INFO     |     [patents] chunk  167/946 | rows 1,660,001–1,670,000 |  5.09s | CPU  30.8% | RAM  63.0%
2026-05-09 11:26:18 | INFO     |     [patents] chunk  168/946 | rows 1,670,001–1,680,000 |  6.12s | CPU  25.0% | RAM  63.0%
2026-05-09 11:26:24 | INFO     |     [patents] chunk  169/946 | rows 1,680,001–1,690,000 |  6.02s | CPU   8.3% | RAM  63.6%
2026-05-09 11:26:29 | INFO     |     [patents] chunk  170/946 | rows 1,690,001–1,700,000 |  4.29s | CPU   8.3% | RAM  63.6%
2026-05-09 11:26:33 | INFO     |     [patents] chunk  171/946 | rows 1,700,001–1,710,000 |  4.74s | CPU  46.7% | RAM  63.6%
2026-05-09 11:26:40 | INFO     |     [patents] chunk  172/946 | rows 1,710,001–1,720,000 |  7.01s | CPU  66.7% | RAM  65.4%
2026-05-09 11:26:49 | INFO     |     [patents] chunk  173/946 | rows 1,720,001–1,730,000 |  8.08s | CPU   0.0% | RAM  65.4%
2026-05-09 11:26:54 | INFO     |     [patents] chunk  174/946 | rows 1,730,001–1,740,000 |  5.47s | CPU   7.1% | RAM  65.0%
2026-05-09 11:26:59 | INFO     |     [patents] chunk  175/946 | rows 1,740,001–1,750,000 |  4.69s | CPU   0.0% | RAM  65.1%
2026-05-09 11:27:04 | INFO     |     [patents] chunk  176/946 | rows 1,750,001–1,760,000 |  5.07s | CPU  16.7% | RAM  64.7%
2026-05-09 11:27:10 | INFO     |     [patents] chunk  177/946 | rows 1,760,001–1,770,000 |  5.66s | CPU  58.3% | RAM  64.9%
2026-05-09 11:27:15 | INFO     |     [patents] chunk  178/946 | rows 1,770,001–1,780,000 |  5.09s | CPU   7.7% | RAM  65.0%
2026-05-09 11:27:22 | INFO     |     [patents] chunk  179/946 | rows 1,780,001–1,790,000 |  6.82s | CPU  30.8% | RAM  65.6%
2026-05-09 11:27:28 | INFO     |     [patents] chunk  180/946 | rows 1,790,001–1,800,000 |  6.09s | CPU  33.3% | RAM  65.7%
2026-05-09 11:27:34 | INFO     |     [patents] chunk  181/946 | rows 1,800,001–1,810,000 |  5.64s | CPU   8.3% | RAM  65.8%
2026-05-09 11:27:39 | INFO     |     [patents] chunk  182/946 | rows 1,810,001–1,820,000 |  5.34s | CPU  13.3% | RAM  66.0%
2026-05-09 11:27:44 | INFO     |     [patents] chunk  183/946 | rows 1,820,001–1,830,000 |  5.15s | CPU  33.3% | RAM  66.0%
2026-05-09 11:27:49 | INFO     |     [patents] chunk  184/946 | rows 1,830,001–1,840,000 |  5.14s | CPU  25.0% | RAM  66.0%
2026-05-09 11:27:55 | INFO     |     [patents] chunk  185/946 | rows 1,840,001–1,850,000 |  5.34s | CPU   9.1% | RAM  66.2%
2026-05-09 11:28:00 | INFO     |     [patents] chunk  186/946 | rows 1,850,001–1,860,000 |  5.05s | CPU  23.1% | RAM  66.2%
2026-05-09 11:28:05 | INFO     |     [patents] chunk  187/946 | rows 1,860,001–1,870,000 |  5.04s | CPU   0.0% | RAM  66.3%
2026-05-09 11:28:10 | INFO     |     [patents] chunk  188/946 | rows 1,870,001–1,880,000 |  4.80s | CPU   0.0% | RAM  66.3%
2026-05-09 11:28:16 | INFO     |     [patents] chunk  189/946 | rows 1,880,001–1,890,000 |  5.72s | CPU  18.2% | RAM  65.7%
2026-05-09 11:28:21 | INFO     |     [patents] chunk  190/946 | rows 1,890,001–1,900,000 |  5.56s | CPU   0.0% | RAM  65.9%
2026-05-09 11:28:27 | INFO     |     [patents] chunk  191/946 | rows 1,900,001–1,910,000 |  5.44s | CPU   0.0% | RAM  65.8%
2026-05-09 11:28:33 | INFO     |     [patents] chunk  192/946 | rows 1,910,001–1,920,000 |  5.96s | CPU  25.0% | RAM  65.1%
2026-05-09 11:28:38 | INFO     |     [patents] chunk  193/946 | rows 1,920,001–1,930,000 |  5.61s | CPU  20.0% | RAM  65.3%
2026-05-09 11:28:45 | INFO     |     [patents] chunk  194/946 | rows 1,930,001–1,940,000 |  6.32s | CPU  35.7% | RAM  65.4%
2026-05-09 11:28:50 | INFO     |     [patents] chunk  195/946 | rows 1,940,001–1,950,000 |  5.21s | CPU   0.0% | RAM  65.2%
2026-05-09 11:28:56 | INFO     |     [patents] chunk  196/946 | rows 1,950,001–1,960,000 |  5.42s | CPU  16.7% | RAM  65.1%
2026-05-09 11:29:01 | INFO     |     [patents] chunk  197/946 | rows 1,960,001–1,970,000 |  5.78s | CPU  33.3% | RAM  64.9%
2026-05-09 11:29:06 | INFO     |     [patents] chunk  198/946 | rows 1,970,001–1,980,000 |  4.73s | CPU  16.7% | RAM  65.0%
2026-05-09 11:29:12 | INFO     |     [patents] chunk  199/946 | rows 1,980,001–1,990,000 |  5.66s | CPU  30.8% | RAM  65.3%
2026-05-09 11:29:22 | INFO     |     [patents] chunk  200/946 | rows 1,990,001–2,000,000 |  9.92s | CPU 100.0% | RAM  66.0%
2026-05-09 11:29:34 | INFO     |     [patents] chunk  201/946 | rows 2,000,001–2,010,000 | 11.86s | CPU  25.0% | RAM  65.4%
2026-05-09 11:29:42 | INFO     |     [patents] chunk  202/946 | rows 2,010,001–2,020,000 |  7.87s | CPU  15.4% | RAM  64.5%
2026-05-09 11:29:47 | INFO     |     [patents] chunk  203/946 | rows 2,020,001–2,030,000 |  5.54s | CPU  13.3% | RAM  64.9%
2026-05-09 11:29:53 | INFO     |     [patents] chunk  204/946 | rows 2,030,001–2,040,000 |  5.13s | CPU   0.0% | RAM  65.0%
2026-05-09 11:29:59 | INFO     |     [patents] chunk  205/946 | rows 2,040,001–2,050,000 |  6.12s | CPU  25.0% | RAM  65.3%
2026-05-09 11:30:05 | INFO     |     [patents] chunk  206/946 | rows 2,050,001–2,060,000 |  6.56s | CPU  23.1% | RAM  65.0%
2026-05-09 11:30:10 | INFO     |     [patents] chunk  207/946 | rows 2,060,001–2,070,000 |  4.25s | CPU  25.0% | RAM  64.7%
2026-05-09 11:30:14 | INFO     |     [patents] chunk  208/946 | rows 2,070,001–2,080,000 |  4.64s | CPU   0.0% | RAM  64.7%
2026-05-09 11:30:19 | INFO     |     [patents] chunk  209/946 | rows 2,080,001–2,090,000 |  4.72s | CPU  33.3% | RAM  65.1%
2026-05-09 11:30:27 | INFO     |     [patents] chunk  210/946 | rows 2,090,001–2,100,000 |  8.00s | CPU  21.4% | RAM  65.1%
2026-05-09 11:30:33 | INFO     |     [patents] chunk  211/946 | rows 2,100,001–2,110,000 |  5.71s | CPU   7.7% | RAM  65.2%
2026-05-09 11:30:39 | INFO     |     [patents] chunk  212/946 | rows 2,110,001–2,120,000 |  5.38s | CPU   8.3% | RAM  65.3%
2026-05-09 11:30:44 | INFO     |     [patents] chunk  213/946 | rows 2,120,001–2,130,000 |  5.60s | CPU   6.7% | RAM  65.3%
2026-05-09 11:30:50 | INFO     |     [patents] chunk  214/946 | rows 2,130,001–2,140,000 |  6.13s | CPU   0.0% | RAM  65.6%
2026-05-09 11:30:58 | INFO     |     [patents] chunk  215/946 | rows 2,140,001–2,150,000 |  7.06s | CPU  13.3% | RAM  64.8%
2026-05-09 11:31:05 | INFO     |     [patents] chunk  216/946 | rows 2,150,001–2,160,000 |  7.67s | CPU  45.5% | RAM  65.2%
2026-05-09 11:31:10 | INFO     |     [patents] chunk  217/946 | rows 2,160,001–2,170,000 |  4.70s | CPU  13.3% | RAM  65.3%
2026-05-09 11:31:15 | INFO     |     [patents] chunk  218/946 | rows 2,170,001–2,180,000 |  5.41s | CPU  15.4% | RAM  65.4%
2026-05-09 11:31:21 | INFO     |     [patents] chunk  219/946 | rows 2,180,001–2,190,000 |  5.21s | CPU  15.4% | RAM  65.7%
2026-05-09 11:31:26 | INFO     |     [patents] chunk  220/946 | rows 2,190,001–2,200,000 |  5.33s | CPU   8.3% | RAM  65.7%
2026-05-09 11:31:31 | INFO     |     [patents] chunk  221/946 | rows 2,200,001–2,210,000 |  4.99s | CPU  16.7% | RAM  65.8%
2026-05-09 11:31:36 | INFO     |     [patents] chunk  222/946 | rows 2,210,001–2,220,000 |  5.13s | CPU   7.7% | RAM  65.9%
2026-05-09 11:31:41 | INFO     |     [patents] chunk  223/946 | rows 2,220,001–2,230,000 |  4.64s | CPU  35.7% | RAM  66.0%
2026-05-09 11:31:46 | INFO     |     [patents] chunk  224/946 | rows 2,230,001–2,240,000 |  5.25s | CPU  20.0% | RAM  66.1%
2026-05-09 11:31:52 | INFO     |     [patents] chunk  225/946 | rows 2,240,001–2,250,000 |  5.15s | CPU  16.7% | RAM  66.2%
2026-05-09 11:31:56 | INFO     |     [patents] chunk  226/946 | rows 2,250,001–2,260,000 |  4.77s | CPU   8.3% | RAM  66.2%
2026-05-09 11:32:01 | INFO     |     [patents] chunk  227/946 | rows 2,260,001–2,270,000 |  4.63s | CPU  35.7% | RAM  66.1%
2026-05-09 11:32:06 | INFO     |     [patents] chunk  228/946 | rows 2,270,001–2,280,000 |  4.91s | CPU  16.7% | RAM  65.1%
2026-05-09 11:32:11 | INFO     |     [patents] chunk  229/946 | rows 2,280,001–2,290,000 |  5.14s | CPU  33.3% | RAM  65.3%
2026-05-09 11:32:17 | INFO     |     [patents] chunk  230/946 | rows 2,290,001–2,300,000 |  5.62s | CPU   0.0% | RAM  65.4%
2026-05-09 11:32:23 | INFO     |     [patents] chunk  231/946 | rows 2,300,001–2,310,000 |  5.60s | CPU  25.0% | RAM  65.8%
2026-05-09 11:32:28 | INFO     |     [patents] chunk  232/946 | rows 2,310,001–2,320,000 |  5.12s | CPU  46.2% | RAM  66.0%
2026-05-09 11:32:33 | INFO     |     [patents] chunk  233/946 | rows 2,320,001–2,330,000 |  5.40s | CPU  16.7% | RAM  66.1%
2026-05-09 11:32:38 | INFO     |     [patents] chunk  234/946 | rows 2,330,001–2,340,000 |  4.63s | CPU  15.4% | RAM  66.1%
2026-05-09 11:32:42 | INFO     |     [patents] chunk  235/946 | rows 2,340,001–2,350,000 |  4.37s | CPU   0.0% | RAM  66.1%
2026-05-09 11:32:47 | INFO     |     [patents] chunk  236/946 | rows 2,350,001–2,360,000 |  4.32s | CPU  41.7% | RAM  66.2%
2026-05-09 11:32:54 | INFO     |     [patents] chunk  237/946 | rows 2,360,001–2,370,000 |  7.43s | CPU  25.0% | RAM  66.3%
2026-05-09 11:32:59 | INFO     |     [patents] chunk  238/946 | rows 2,370,001–2,380,000 |  4.89s | CPU   0.0% | RAM  66.0%
2026-05-09 11:33:05 | INFO     |     [patents] chunk  239/946 | rows 2,380,001–2,390,000 |  5.24s | CPU   8.3% | RAM  66.0%
2026-05-09 11:33:10 | INFO     |     [patents] chunk  240/946 | rows 2,390,001–2,400,000 |  4.98s | CPU  25.0% | RAM  65.7%
2026-05-09 11:33:14 | INFO     |     [patents] chunk  241/946 | rows 2,400,001–2,410,000 |  4.71s | CPU  38.5% | RAM  65.3%
2026-05-09 11:33:20 | INFO     |     [patents] chunk  242/946 | rows 2,410,001–2,420,000 |  5.73s | CPU  38.5% | RAM  65.9%
2026-05-09 11:33:26 | INFO     |     [patents] chunk  243/946 | rows 2,420,001–2,430,000 |  5.83s | CPU  33.3% | RAM  65.8%
2026-05-09 11:33:32 | INFO     |     [patents] chunk  244/946 | rows 2,430,001–2,440,000 |  5.76s | CPU  23.1% | RAM  65.8%
2026-05-09 11:33:37 | INFO     |     [patents] chunk  245/946 | rows 2,440,001–2,450,000 |  5.32s | CPU   0.0% | RAM  65.8%
2026-05-09 11:33:43 | INFO     |     [patents] chunk  246/946 | rows 2,450,001–2,460,000 |  6.13s | CPU   8.3% | RAM  65.9%
2026-05-09 11:33:49 | INFO     |     [patents] chunk  247/946 | rows 2,460,001–2,470,000 |  5.72s | CPU   0.0% | RAM  66.0%
2026-05-09 11:33:55 | INFO     |     [patents] chunk  248/946 | rows 2,470,001–2,480,000 |  6.03s | CPU  16.7% | RAM  66.4%
2026-05-09 11:34:01 | INFO     |     [patents] chunk  249/946 | rows 2,480,001–2,490,000 |  5.30s | CPU  15.4% | RAM  66.5%
2026-05-09 11:34:06 | INFO     |     [patents] chunk  250/946 | rows 2,490,001–2,500,000 |  5.59s | CPU  12.5% | RAM  66.5%
2026-05-09 11:34:12 | INFO     |     [patents] chunk  251/946 | rows 2,500,001–2,510,000 |  5.30s | CPU  16.7% | RAM  66.3%
2026-05-09 11:34:16 | INFO     |     [patents] chunk  252/946 | rows 2,510,001–2,520,000 |  4.11s | CPU  54.5% | RAM  66.4%
2026-05-09 11:34:20 | INFO     |     [patents] chunk  253/946 | rows 2,520,001–2,530,000 |  4.26s | CPU  16.7% | RAM  66.7%
2026-05-09 11:34:29 | INFO     |     [patents] chunk  254/946 | rows 2,530,001–2,540,000 |  8.47s | CPU  21.4% | RAM  66.2%
2026-05-09 11:34:35 | INFO     |     [patents] chunk  255/946 | rows 2,540,001–2,550,000 |  6.32s | CPU  21.4% | RAM  65.5%
2026-05-09 11:34:40 | INFO     |     [patents] chunk  256/946 | rows 2,550,001–2,560,000 |  4.92s | CPU   0.0% | RAM  65.6%
2026-05-09 11:34:46 | INFO     |     [patents] chunk  257/946 | rows 2,560,001–2,570,000 |  6.31s | CPU  25.0% | RAM  65.8%
2026-05-09 11:34:52 | INFO     |     [patents] chunk  258/946 | rows 2,570,001–2,580,000 |  5.88s | CPU  27.3% | RAM  65.6%
2026-05-09 11:34:59 | INFO     |     [patents] chunk  259/946 | rows 2,580,001–2,590,000 |  6.15s | CPU 100.0% | RAM  65.5%
2026-05-09 11:35:07 | INFO     |     [patents] chunk  260/946 | rows 2,590,001–2,600,000 |  8.59s | CPU 100.0% | RAM  65.8%
2026-05-09 11:35:19 | INFO     |     [patents] chunk  261/946 | rows 2,600,001–2,610,000 | 11.81s | CPU   6.7% | RAM  66.2%
2026-05-09 11:35:24 | INFO     |     [patents] chunk  262/946 | rows 2,610,001–2,620,000 |  4.96s | CPU   6.2% | RAM  66.1%
2026-05-09 11:35:29 | INFO     |     [patents] chunk  263/946 | rows 2,620,001–2,630,000 |  4.99s | CPU  16.7% | RAM  66.1%
2026-05-09 11:35:35 | INFO     |     [patents] chunk  264/946 | rows 2,630,001–2,640,000 |  5.51s | CPU   0.0% | RAM  65.8%
2026-05-09 11:35:40 | INFO     |     [patents] chunk  265/946 | rows 2,640,001–2,650,000 |  5.53s | CPU   0.0% | RAM  65.8%
2026-05-09 11:35:47 | INFO     |     [patents] chunk  266/946 | rows 2,650,001–2,660,000 |  6.23s | CPU  11.1% | RAM  65.9%
2026-05-09 11:35:52 | INFO     |     [patents] chunk  267/946 | rows 2,660,001–2,670,000 |  5.46s | CPU  33.3% | RAM  65.6%
2026-05-09 11:35:57 | INFO     |     [patents] chunk  268/946 | rows 2,670,001–2,680,000 |  4.96s | CPU  14.3% | RAM  65.7%
2026-05-09 11:36:02 | INFO     |     [patents] chunk  269/946 | rows 2,680,001–2,690,000 |  5.15s | CPU  33.3% | RAM  65.7%
2026-05-09 11:36:08 | INFO     |     [patents] chunk  270/946 | rows 2,690,001–2,700,000 |  5.06s | CPU  15.4% | RAM  65.8%
2026-05-09 11:36:13 | INFO     |     [patents] chunk  271/946 | rows 2,700,001–2,710,000 |  5.28s | CPU  15.4% | RAM  65.8%
2026-05-09 11:36:19 | INFO     |     [patents] chunk  272/946 | rows 2,710,001–2,720,000 |  5.72s | CPU  41.7% | RAM  65.9%
2026-05-09 11:36:24 | INFO     |     [patents] chunk  273/946 | rows 2,720,001–2,730,000 |  5.64s | CPU  15.4% | RAM  65.9%
2026-05-09 11:36:29 | INFO     |     [patents] chunk  274/946 | rows 2,730,001–2,740,000 |  4.63s | CPU   0.0% | RAM  65.9%
2026-05-09 11:36:35 | INFO     |     [patents] chunk  275/946 | rows 2,740,001–2,750,000 |  5.38s | CPU   8.3% | RAM  66.0%
2026-05-09 11:36:40 | INFO     |     [patents] chunk  276/946 | rows 2,750,001–2,760,000 |  5.14s | CPU  25.0% | RAM  65.9%
2026-05-09 11:36:45 | INFO     |     [patents] chunk  277/946 | rows 2,760,001–2,770,000 |  4.87s | CPU   0.0% | RAM  65.9%
2026-05-09 11:36:50 | INFO     |     [patents] chunk  278/946 | rows 2,770,001–2,780,000 |  5.61s | CPU   7.1% | RAM  66.0%
2026-05-09 11:36:56 | INFO     |     [patents] chunk  279/946 | rows 2,780,001–2,790,000 |  5.73s | CPU  15.4% | RAM  66.2%
2026-05-09 11:37:02 | INFO     |     [patents] chunk  280/946 | rows 2,790,001–2,800,000 |  5.63s | CPU   0.0% | RAM  66.3%
2026-05-09 11:37:07 | INFO     |     [patents] chunk  281/946 | rows 2,800,001–2,810,000 |  5.10s | CPU  33.3% | RAM  66.4%
2026-05-09 11:37:13 | INFO     |     [patents] chunk  282/946 | rows 2,810,001–2,820,000 |  6.34s | CPU 100.0% | RAM  66.2%
2026-05-09 11:37:19 | INFO     |     [patents] chunk  283/946 | rows 2,820,001–2,830,000 |  5.40s | CPU  68.8% | RAM  66.2%
2026-05-09 11:37:29 | INFO     |     [patents] chunk  284/946 | rows 2,830,001–2,840,000 |  9.67s | CPU   8.3% | RAM  66.6%
2026-05-09 11:37:35 | INFO     |     [patents] chunk  285/946 | rows 2,840,001–2,850,000 |  6.65s | CPU  16.7% | RAM  66.6%
2026-05-09 11:37:41 | INFO     |     [patents] chunk  286/946 | rows 2,850,001–2,860,000 |  5.37s | CPU  16.7% | RAM  66.8%
2026-05-09 11:37:46 | INFO     |     [patents] chunk  287/946 | rows 2,860,001–2,870,000 |  5.56s | CPU   7.1% | RAM  66.1%
2026-05-09 11:37:53 | INFO     |     [patents] chunk  288/946 | rows 2,870,001–2,880,000 |  6.19s | CPU   0.0% | RAM  66.4%
2026-05-09 11:37:59 | INFO     |     [patents] chunk  289/946 | rows 2,880,001–2,890,000 |  6.16s | CPU   0.0% | RAM  65.7%
2026-05-09 11:38:04 | INFO     |     [patents] chunk  290/946 | rows 2,890,001–2,900,000 |  5.26s | CPU   0.0% | RAM  65.9%
2026-05-09 11:38:10 | INFO     |     [patents] chunk  291/946 | rows 2,900,001–2,910,000 |  5.57s | CPU  16.7% | RAM  66.2%
2026-05-09 11:38:15 | INFO     |     [patents] chunk  292/946 | rows 2,910,001–2,920,000 |  5.33s | CPU   0.0% | RAM  66.2%
2026-05-09 11:38:20 | INFO     |     [patents] chunk  293/946 | rows 2,920,001–2,930,000 |  4.99s | CPU   8.3% | RAM  66.5%
2026-05-09 11:38:25 | INFO     |     [patents] chunk  294/946 | rows 2,930,001–2,940,000 |  4.70s | CPU   0.0% | RAM  66.5%
2026-05-09 11:38:31 | INFO     |     [patents] chunk  295/946 | rows 2,940,001–2,950,000 |  6.13s | CPU  25.0% | RAM  66.5%
2026-05-09 11:38:36 | INFO     |     [patents] chunk  296/946 | rows 2,950,001–2,960,000 |  4.92s | CPU  30.8% | RAM  66.6%
2026-05-09 11:38:41 | INFO     |     [patents] chunk  297/946 | rows 2,960,001–2,970,000 |  4.76s | CPU  28.6% | RAM  66.6%
2026-05-09 11:38:46 | INFO     |     [patents] chunk  298/946 | rows 2,970,001–2,980,000 |  5.15s | CPU   0.0% | RAM  66.6%
2026-05-09 11:38:52 | INFO     |     [patents] chunk  299/946 | rows 2,980,001–2,990,000 |  5.72s | CPU  15.4% | RAM  66.2%
2026-05-09 11:38:58 | INFO     |     [patents] chunk  300/946 | rows 2,990,001–3,000,000 |  5.48s | CPU   8.3% | RAM  66.4%
2026-05-09 11:39:03 | INFO     |     [patents] chunk  301/946 | rows 3,000,001–3,010,000 |  4.94s | CPU  33.3% | RAM  66.5%
2026-05-09 11:39:09 | INFO     |     [patents] chunk  302/946 | rows 3,010,001–3,020,000 |  6.06s | CPU   6.7% | RAM  66.7%
2026-05-09 11:39:14 | INFO     |     [patents] chunk  303/946 | rows 3,020,001–3,030,000 |  5.54s | CPU   8.3% | RAM  66.8%
2026-05-09 11:39:21 | INFO     |     [patents] chunk  304/946 | rows 3,030,001–3,040,000 |  6.44s | CPU  16.7% | RAM  67.5%
2026-05-09 11:39:27 | INFO     |     [patents] chunk  305/946 | rows 3,040,001–3,050,000 |  5.98s | CPU  15.4% | RAM  67.3%
2026-05-09 11:39:33 | INFO     |     [patents] chunk  306/946 | rows 3,050,001–3,060,000 |  6.29s | CPU  15.4% | RAM  66.8%
2026-05-09 11:39:43 | INFO     |     [patents] chunk  307/946 | rows 3,060,001–3,070,000 |  9.71s | CPU  18.8% | RAM  66.0%
2026-05-09 11:39:49 | INFO     |     [patents] chunk  308/946 | rows 3,070,001–3,080,000 |  6.28s | CPU  14.3% | RAM  65.9%
2026-05-09 11:39:55 | INFO     |     [patents] chunk  309/946 | rows 3,080,001–3,090,000 |  5.47s | CPU   8.3% | RAM  65.7%
2026-05-09 11:40:01 | INFO     |     [patents] chunk  310/946 | rows 3,090,001–3,100,000 |  6.33s | CPU   7.1% | RAM  65.0%
2026-05-09 11:40:09 | INFO     |     [patents] chunk  311/946 | rows 3,100,001–3,110,000 |  7.29s | CPU  16.7% | RAM  65.3%
2026-05-09 11:40:18 | INFO     |     [patents] chunk  312/946 | rows 3,110,001–3,120,000 |  8.94s | CPU   8.3% | RAM  68.1%
2026-05-09 11:40:24 | INFO     |     [patents] chunk  313/946 | rows 3,120,001–3,130,000 |  6.15s | CPU   0.0% | RAM  68.0%
2026-05-09 11:40:36 | INFO     |     [patents] chunk  314/946 | rows 3,130,001–3,140,000 | 11.98s | CPU  28.6% | RAM  69.2%
2026-05-09 11:40:43 | INFO     |     [patents] chunk  315/946 | rows 3,140,001–3,150,000 |  6.75s | CPU 100.0% | RAM  69.0%
2026-05-09 11:40:48 | INFO     |     [patents] chunk  316/946 | rows 3,150,001–3,160,000 |  5.04s | CPU   0.0% | RAM  68.5%
2026-05-09 11:40:52 | INFO     |     [patents] chunk  317/946 | rows 3,160,001–3,170,000 |  4.48s | CPU  23.1% | RAM  68.7%
2026-05-09 11:41:00 | INFO     |     [patents] chunk  318/946 | rows 3,170,001–3,180,000 |  7.56s | CPU  16.7% | RAM  68.9%
2026-05-09 11:41:07 | INFO     |     [patents] chunk  319/946 | rows 3,180,001–3,190,000 |  6.71s | CPU  23.1% | RAM  69.0%
2026-05-09 11:41:13 | INFO     |     [patents] chunk  320/946 | rows 3,190,001–3,200,000 |  6.54s | CPU  16.7% | RAM  68.9%
2026-05-09 11:41:19 | INFO     |     [patents] chunk  321/946 | rows 3,200,001–3,210,000 |  5.84s | CPU  53.8% | RAM  68.3%
2026-05-09 11:41:25 | INFO     |     [patents] chunk  322/946 | rows 3,210,001–3,220,000 |  5.41s | CPU   8.3% | RAM  68.4%
2026-05-09 11:41:30 | INFO     |     [patents] chunk  323/946 | rows 3,220,001–3,230,000 |  5.50s | CPU  16.7% | RAM  68.7%
2026-05-09 11:41:36 | INFO     |     [patents] chunk  324/946 | rows 3,230,001–3,240,000 |  5.95s | CPU  21.4% | RAM  68.9%
2026-05-09 11:41:42 | INFO     |     [patents] chunk  325/946 | rows 3,240,001–3,250,000 |  5.74s | CPU   0.0% | RAM  68.8%
2026-05-09 11:41:48 | INFO     |     [patents] chunk  326/946 | rows 3,250,001–3,260,000 |  5.62s | CPU   6.2% | RAM  68.9%
2026-05-09 11:41:53 | INFO     |     [patents] chunk  327/946 | rows 3,260,001–3,270,000 |  5.58s | CPU   9.1% | RAM  68.7%
2026-05-09 11:41:59 | INFO     |     [patents] chunk  328/946 | rows 3,270,001–3,280,000 |  5.59s | CPU  15.4% | RAM  68.9%
2026-05-09 11:42:06 | INFO     |     [patents] chunk  329/946 | rows 3,280,001–3,290,000 |  7.07s | CPU  15.4% | RAM  70.2%
2026-05-09 11:42:13 | INFO     |     [patents] chunk  330/946 | rows 3,290,001–3,300,000 |  6.50s | CPU  42.9% | RAM  71.3%
2026-05-09 11:42:18 | INFO     |     [patents] chunk  331/946 | rows 3,300,001–3,310,000 |  5.49s | CPU  45.5% | RAM  70.8%
2026-05-09 11:42:24 | INFO     |     [patents] chunk  332/946 | rows 3,310,001–3,320,000 |  5.73s | CPU   0.0% | RAM  69.9%
2026-05-09 11:42:31 | INFO     |     [patents] chunk  333/946 | rows 3,320,001–3,330,000 |  6.44s | CPU   8.3% | RAM  70.7%
2026-05-09 11:42:37 | INFO     |     [patents] chunk  334/946 | rows 3,330,001–3,340,000 |  6.62s | CPU  36.4% | RAM  70.3%
2026-05-09 11:42:43 | INFO     |     [patents] chunk  335/946 | rows 3,340,001–3,350,000 |  5.44s | CPU   8.3% | RAM  70.5%
2026-05-09 11:42:49 | INFO     |     [patents] chunk  336/946 | rows 3,350,001–3,360,000 |  6.05s | CPU  21.4% | RAM  70.5%
2026-05-09 11:42:55 | INFO     |     [patents] chunk  337/946 | rows 3,360,001–3,370,000 |  6.18s | CPU   0.0% | RAM  70.8%
2026-05-09 11:43:01 | INFO     |     [patents] chunk  338/946 | rows 3,370,001–3,380,000 |  6.00s | CPU  16.7% | RAM  71.0%
2026-05-09 11:43:06 | INFO     |     [patents] chunk  339/946 | rows 3,380,001–3,390,000 |  5.14s | CPU  11.8% | RAM  71.0%
2026-05-09 11:43:12 | INFO     |     [patents] chunk  340/946 | rows 3,390,001–3,400,000 |  5.19s | CPU  16.7% | RAM  70.8%
2026-05-09 11:43:18 | INFO     |     [patents] chunk  341/946 | rows 3,400,001–3,410,000 |  6.23s | CPU   6.7% | RAM  70.3%
2026-05-09 11:43:24 | INFO     |     [patents] chunk  342/946 | rows 3,410,001–3,420,000 |  6.37s | CPU  13.3% | RAM  70.3%
2026-05-09 11:43:30 | INFO     |     [patents] chunk  343/946 | rows 3,420,001–3,430,000 |  5.49s | CPU  25.0% | RAM  69.3%
2026-05-09 11:43:35 | INFO     |     [patents] chunk  344/946 | rows 3,430,001–3,440,000 |  5.42s | CPU   8.3% | RAM  68.8%
2026-05-09 11:43:41 | INFO     |     [patents] chunk  345/946 | rows 3,440,001–3,450,000 |  5.62s | CPU  13.3% | RAM  69.5%
2026-05-09 11:43:46 | INFO     |     [patents] chunk  346/946 | rows 3,450,001–3,460,000 |  5.22s | CPU   0.0% | RAM  65.0%
2026-05-09 11:43:52 | INFO     |     [patents] chunk  347/946 | rows 3,460,001–3,470,000 |  5.69s | CPU  33.3% | RAM  66.6%
2026-05-09 11:43:57 | INFO     |     [patents] chunk  348/946 | rows 3,470,001–3,480,000 |  4.56s | CPU   6.2% | RAM  66.8%
2026-05-09 11:44:02 | INFO     |     [patents] chunk  349/946 | rows 3,480,001–3,490,000 |  5.04s | CPU  43.8% | RAM  66.9%
2026-05-09 11:44:07 | INFO     |     [patents] chunk  350/946 | rows 3,490,001–3,500,000 |  5.14s | CPU  20.0% | RAM  67.1%
2026-05-09 11:44:12 | INFO     |     [patents] chunk  351/946 | rows 3,500,001–3,510,000 |  5.21s | CPU  25.0% | RAM  67.3%
2026-05-09 11:44:17 | INFO     |     [patents] chunk  352/946 | rows 3,510,001–3,520,000 |  4.81s | CPU   8.3% | RAM  67.2%
2026-05-09 11:44:23 | INFO     |     [patents] chunk  353/946 | rows 3,520,001–3,530,000 |  5.28s | CPU  28.6% | RAM  67.5%
2026-05-09 11:44:28 | INFO     |     [patents] chunk  354/946 | rows 3,530,001–3,540,000 |  5.45s | CPU  16.7% | RAM  67.1%
2026-05-09 11:44:33 | INFO     |     [patents] chunk  355/946 | rows 3,540,001–3,550,000 |  4.88s | CPU  27.3% | RAM  66.0%
2026-05-09 11:44:45 | INFO     |     [patents] chunk  356/946 | rows 3,550,001–3,560,000 | 11.88s | CPU  30.8% | RAM  65.9%
2026-05-09 11:44:53 | INFO     |     [patents] chunk  357/946 | rows 3,560,001–3,570,000 |  8.33s | CPU  16.7% | RAM  65.8%
2026-05-09 11:44:59 | INFO     |     [patents] chunk  358/946 | rows 3,570,001–3,580,000 |  5.93s | CPU  13.3% | RAM  66.1%
2026-05-09 11:45:05 | INFO     |     [patents] chunk  359/946 | rows 3,580,001–3,590,000 |  5.80s | CPU  11.8% | RAM  66.2%
2026-05-09 11:45:11 | INFO     |     [patents] chunk  360/946 | rows 3,590,001–3,600,000 |  5.45s | CPU   0.0% | RAM  66.2%
2026-05-09 11:45:16 | INFO     |     [patents] chunk  361/946 | rows 3,600,001–3,610,000 |  4.79s | CPU  15.4% | RAM  66.2%
2026-05-09 11:45:21 | INFO     |     [patents] chunk  362/946 | rows 3,610,001–3,620,000 |  4.91s | CPU   0.0% | RAM  66.6%
2026-05-09 11:45:25 | INFO     |     [patents] chunk  363/946 | rows 3,620,001–3,630,000 |  4.78s | CPU  40.0% | RAM  66.6%
2026-05-09 11:45:34 | INFO     |     [patents] chunk  364/946 | rows 3,630,001–3,640,000 |  9.02s | CPU   0.0% | RAM  66.5%
2026-05-09 11:45:40 | INFO     |     [patents] chunk  365/946 | rows 3,640,001–3,650,000 |  5.34s | CPU   8.3% | RAM  65.4%
2026-05-09 11:45:45 | INFO     |     [patents] chunk  366/946 | rows 3,650,001–3,660,000 |  5.42s | CPU   0.0% | RAM  65.7%
2026-05-09 11:45:50 | INFO     |     [patents] chunk  367/946 | rows 3,660,001–3,670,000 |  4.46s | CPU  20.0% | RAM  65.6%
2026-05-09 11:45:55 | INFO     |     [patents] chunk  368/946 | rows 3,670,001–3,680,000 |  5.24s | CPU  25.0% | RAM  65.7%
2026-05-09 11:46:00 | INFO     |     [patents] chunk  369/946 | rows 3,680,001–3,690,000 |  4.60s | CPU   0.0% | RAM  65.8%
2026-05-09 11:46:04 | INFO     |     [patents] chunk  370/946 | rows 3,690,001–3,700,000 |  4.54s | CPU   7.1% | RAM  65.8%
2026-05-09 11:46:10 | INFO     |     [patents] chunk  371/946 | rows 3,700,001–3,710,000 |  5.06s | CPU   8.3% | RAM  65.8%
2026-05-09 11:46:16 | INFO     |     [patents] chunk  372/946 | rows 3,710,001–3,720,000 |  6.11s | CPU   6.2% | RAM  65.8%
2026-05-09 11:46:22 | INFO     |     [patents] chunk  373/946 | rows 3,720,001–3,730,000 |  6.02s | CPU  15.4% | RAM  66.2%
2026-05-09 11:46:27 | INFO     |     [patents] chunk  374/946 | rows 3,730,001–3,740,000 |  5.55s | CPU   8.3% | RAM  66.3%
2026-05-09 11:46:33 | INFO     |     [patents] chunk  375/946 | rows 3,740,001–3,750,000 |  5.60s | CPU   8.3% | RAM  65.6%
2026-05-09 11:46:39 | INFO     |     [patents] chunk  376/946 | rows 3,750,001–3,760,000 |  6.05s | CPU  40.0% | RAM  66.4%
2026-05-09 11:46:45 | INFO     |     [patents] chunk  377/946 | rows 3,760,001–3,770,000 |  6.07s | CPU  15.4% | RAM  66.5%
2026-05-09 11:46:53 | INFO     |     [patents] chunk  378/946 | rows 3,770,001–3,780,000 |  7.19s | CPU  16.7% | RAM  66.5%
2026-05-09 11:46:58 | INFO     |     [patents] chunk  379/946 | rows 3,780,001–3,790,000 |  4.88s | CPU  33.3% | RAM  66.4%
2026-05-09 11:47:03 | INFO     |     [patents] chunk  380/946 | rows 3,790,001–3,800,000 |  5.11s | CPU  50.0% | RAM  66.4%
2026-05-09 11:47:08 | INFO     |     [patents] chunk  381/946 | rows 3,800,001–3,810,000 |  5.38s | CPU   8.3% | RAM  66.4%
2026-05-09 11:47:13 | INFO     |     [patents] chunk  382/946 | rows 3,810,001–3,820,000 |  5.06s | CPU   0.0% | RAM  66.5%
2026-05-09 11:47:18 | INFO     |     [patents] chunk  383/946 | rows 3,820,001–3,830,000 |  4.83s | CPU   7.7% | RAM  66.5%
2026-05-09 11:47:25 | INFO     |     [patents] chunk  384/946 | rows 3,830,001–3,840,000 |  6.27s | CPU  25.0% | RAM  67.1%
2026-05-09 11:47:30 | INFO     |     [patents] chunk  385/946 | rows 3,840,001–3,850,000 |  4.93s | CPU  38.5% | RAM  67.0%
2026-05-09 11:47:35 | INFO     |     [patents] chunk  386/946 | rows 3,850,001–3,860,000 |  5.66s | CPU  16.7% | RAM  66.6%
2026-05-09 11:47:42 | INFO     |     [patents] chunk  387/946 | rows 3,860,001–3,870,000 |  6.42s | CPU  25.0% | RAM  66.4%
2026-05-09 11:47:47 | INFO     |     [patents] chunk  388/946 | rows 3,870,001–3,880,000 |  5.34s | CPU   0.0% | RAM  66.6%
2026-05-09 11:47:53 | INFO     |     [patents] chunk  389/946 | rows 3,880,001–3,890,000 |  5.62s | CPU  30.8% | RAM  66.9%
2026-05-09 11:47:59 | INFO     |     [patents] chunk  390/946 | rows 3,890,001–3,900,000 |  5.74s | CPU   0.0% | RAM  66.9%
2026-05-09 11:48:04 | INFO     |     [patents] chunk  391/946 | rows 3,900,001–3,910,000 |  5.41s | CPU  15.4% | RAM  66.9%
2026-05-09 11:48:09 | INFO     |     [patents] chunk  392/946 | rows 3,910,001–3,920,000 |  5.12s | CPU  23.5% | RAM  66.9%
2026-05-09 11:48:15 | INFO     |     [patents] chunk  393/946 | rows 3,920,001–3,930,000 |  5.84s | CPU   0.0% | RAM  67.0%
2026-05-09 11:48:21 | INFO     |     [patents] chunk  394/946 | rows 3,930,001–3,940,000 |  5.80s | CPU  25.0% | RAM  66.5%
2026-05-09 11:48:28 | INFO     |     [patents] chunk  395/946 | rows 3,940,001–3,950,000 |  6.98s | CPU  40.0% | RAM  66.4%
2026-05-09 11:48:42 | INFO     |     [patents] chunk  396/946 | rows 3,950,001–3,960,000 | 13.78s | CPU   7.7% | RAM  67.1%
2026-05-09 11:48:47 | INFO     |     [patents] chunk  397/946 | rows 3,960,001–3,970,000 |  5.18s | CPU   0.0% | RAM  66.8%
2026-05-09 11:48:53 | INFO     |     [patents] chunk  398/946 | rows 3,970,001–3,980,000 |  6.13s | CPU  20.0% | RAM  66.8%
2026-05-09 11:49:00 | INFO     |     [patents] chunk  399/946 | rows 3,980,001–3,990,000 |  6.50s | CPU  33.3% | RAM  67.1%
2026-05-09 11:49:06 | INFO     |     [patents] chunk  400/946 | rows 3,990,001–4,000,000 |  5.69s | CPU   7.1% | RAM  67.0%
2026-05-09 11:49:11 | INFO     |     [patents] chunk  401/946 | rows 4,000,001–4,010,000 |  5.74s | CPU  12.5% | RAM  67.1%
2026-05-09 11:49:16 | INFO     |     [patents] chunk  402/946 | rows 4,010,001–4,020,000 |  4.59s | CPU  16.7% | RAM  67.1%
2026-05-09 11:49:21 | INFO     |     [patents] chunk  403/946 | rows 4,020,001–4,030,000 |  4.91s | CPU  23.1% | RAM  67.6%
2026-05-09 11:49:26 | INFO     |     [patents] chunk  404/946 | rows 4,030,001–4,040,000 |  4.75s | CPU   8.3% | RAM  67.6%
2026-05-09 11:49:31 | INFO     |     [patents] chunk  405/946 | rows 4,040,001–4,050,000 |  4.77s | CPU   0.0% | RAM  67.7%
2026-05-09 11:49:44 | INFO     |     [patents] chunk  406/946 | rows 4,050,001–4,060,000 | 13.52s | CPU  18.8% | RAM  65.2%
2026-05-09 11:49:51 | INFO     |     [patents] chunk  407/946 | rows 4,060,001–4,070,000 |  6.81s | CPU   0.0% | RAM  64.8%
2026-05-09 11:49:56 | INFO     |     [patents] chunk  408/946 | rows 4,070,001–4,080,000 |  5.19s | CPU   0.0% | RAM  64.5%
2026-05-09 11:50:02 | INFO     |     [patents] chunk  409/946 | rows 4,080,001–4,090,000 |  5.53s | CPU   0.0% | RAM  64.5%
2026-05-09 11:50:08 | INFO     |     [patents] chunk  410/946 | rows 4,090,001–4,100,000 |  6.08s | CPU   0.0% | RAM  64.6%
2026-05-09 11:50:14 | INFO     |     [patents] chunk  411/946 | rows 4,100,001–4,110,000 |  5.56s | CPU  14.3% | RAM  64.7%
2026-05-09 11:50:20 | INFO     |     [patents] chunk  412/946 | rows 4,110,001–4,120,000 |  5.88s | CPU   0.0% | RAM  65.1%
2026-05-09 11:50:26 | INFO     |     [patents] chunk  413/946 | rows 4,120,001–4,130,000 |  6.55s | CPU  25.0% | RAM  65.0%
2026-05-09 11:50:32 | INFO     |     [patents] chunk  414/946 | rows 4,130,001–4,140,000 |  5.18s | CPU   8.3% | RAM  64.9%
2026-05-09 11:50:37 | INFO     |     [patents] chunk  415/946 | rows 4,140,001–4,150,000 |  5.56s | CPU   6.7% | RAM  64.9%
2026-05-09 11:50:43 | INFO     |     [patents] chunk  416/946 | rows 4,150,001–4,160,000 |  5.60s | CPU   9.1% | RAM  64.9%
2026-05-09 11:50:48 | INFO     |     [patents] chunk  417/946 | rows 4,160,001–4,170,000 |  5.37s | CPU   0.0% | RAM  64.9%
2026-05-09 11:50:54 | INFO     |     [patents] chunk  418/946 | rows 4,170,001–4,180,000 |  5.34s | CPU   8.3% | RAM  64.0%
2026-05-09 11:51:00 | INFO     |     [patents] chunk  419/946 | rows 4,180,001–4,190,000 |  6.58s | CPU  25.0% | RAM  64.5%
2026-05-09 11:51:06 | INFO     |     [patents] chunk  420/946 | rows 4,190,001–4,200,000 |  5.80s | CPU  14.3% | RAM  64.7%
2026-05-09 11:51:11 | INFO     |     [patents] chunk  421/946 | rows 4,200,001–4,210,000 |  5.14s | CPU  21.4% | RAM  64.7%
2026-05-09 11:51:18 | INFO     |     [patents] chunk  422/946 | rows 4,210,001–4,220,000 |  6.75s | CPU  33.3% | RAM  64.9%
2026-05-09 11:51:25 | INFO     |     [patents] chunk  423/946 | rows 4,220,001–4,230,000 |  6.47s | CPU   7.7% | RAM  65.5%
2026-05-09 11:51:31 | INFO     |     [patents] chunk  424/946 | rows 4,230,001–4,240,000 |  5.85s | CPU  25.0% | RAM  65.3%
2026-05-09 11:51:37 | INFO     |     [patents] chunk  425/946 | rows 4,240,001–4,250,000 |  6.08s | CPU   0.0% | RAM  65.3%
2026-05-09 11:51:42 | INFO     |     [patents] chunk  426/946 | rows 4,250,001–4,260,000 |  4.77s | CPU   0.0% | RAM  65.4%
2026-05-09 11:51:47 | INFO     |     [patents] chunk  427/946 | rows 4,260,001–4,270,000 |  5.47s | CPU   7.7% | RAM  65.3%
2026-05-09 11:51:52 | INFO     |     [patents] chunk  428/946 | rows 4,270,001–4,280,000 |  4.96s | CPU  14.3% | RAM  65.0%
2026-05-09 11:51:58 | INFO     |     [patents] chunk  429/946 | rows 4,280,001–4,290,000 |  5.49s | CPU  16.7% | RAM  64.7%
2026-05-09 11:52:04 | INFO     |     [patents] chunk  430/946 | rows 4,290,001–4,300,000 |  6.38s | CPU   0.0% | RAM  63.8%
2026-05-09 11:52:09 | INFO     |     [patents] chunk  431/946 | rows 4,300,001–4,310,000 |  4.74s | CPU  20.0% | RAM  63.9%
2026-05-09 11:52:14 | INFO     |     [patents] chunk  432/946 | rows 4,310,001–4,320,000 |  4.90s | CPU  16.7% | RAM  64.0%
2026-05-09 11:52:20 | INFO     |     [patents] chunk  433/946 | rows 4,320,001–4,330,000 |  5.55s | CPU   7.7% | RAM  64.6%
2026-05-09 11:52:25 | INFO     |     [patents] chunk  434/946 | rows 4,330,001–4,340,000 |  5.24s | CPU   0.0% | RAM  64.8%
2026-05-09 11:52:31 | INFO     |     [patents] chunk  435/946 | rows 4,340,001–4,350,000 |  5.64s | CPU   8.3% | RAM  64.8%
2026-05-09 11:52:37 | INFO     |     [patents] chunk  436/946 | rows 4,350,001–4,360,000 |  6.55s | CPU   0.0% | RAM  65.0%
2026-05-09 11:52:43 | INFO     |     [patents] chunk  437/946 | rows 4,360,001–4,370,000 |  5.87s | CPU   0.0% | RAM  64.9%
2026-05-09 11:52:49 | INFO     |     [patents] chunk  438/946 | rows 4,370,001–4,380,000 |  5.45s | CPU   0.0% | RAM  65.0%
2026-05-09 11:52:55 | INFO     |     [patents] chunk  439/946 | rows 4,380,001–4,390,000 |  6.47s | CPU   0.0% | RAM  64.5%
2026-05-09 11:53:01 | INFO     |     [patents] chunk  440/946 | rows 4,390,001–4,400,000 |  6.22s | CPU   0.0% | RAM  64.9%
2026-05-09 11:53:07 | INFO     |     [patents] chunk  441/946 | rows 4,400,001–4,410,000 |  5.74s | CPU   8.3% | RAM  65.0%
2026-05-09 11:53:13 | INFO     |     [patents] chunk  442/946 | rows 4,410,001–4,420,000 |  6.14s | CPU   0.0% | RAM  65.1%
2026-05-09 11:53:19 | INFO     |     [patents] chunk  443/946 | rows 4,420,001–4,430,000 |  5.20s | CPU   7.1% | RAM  65.2%
2026-05-09 11:53:24 | INFO     |     [patents] chunk  444/946 | rows 4,430,001–4,440,000 |  5.66s | CPU   0.0% | RAM  65.4%
2026-05-09 11:53:30 | INFO     |     [patents] chunk  445/946 | rows 4,440,001–4,450,000 |  5.95s | CPU   0.0% | RAM  65.4%
2026-05-09 11:53:36 | INFO     |     [patents] chunk  446/946 | rows 4,450,001–4,460,000 |  5.68s | CPU   0.0% | RAM  65.6%
2026-05-09 11:53:42 | INFO     |     [patents] chunk  447/946 | rows 4,460,001–4,470,000 |  5.83s | CPU  25.0% | RAM  65.6%
2026-05-09 11:53:48 | INFO     |     [patents] chunk  448/946 | rows 4,470,001–4,480,000 |  6.25s | CPU   0.0% | RAM  65.6%
2026-05-09 11:53:55 | INFO     |     [patents] chunk  449/946 | rows 4,480,001–4,490,000 |  6.42s | CPU   6.7% | RAM  65.2%
2026-05-09 11:54:01 | INFO     |     [patents] chunk  450/946 | rows 4,490,001–4,500,000 |  5.80s | CPU   7.7% | RAM  64.8%
2026-05-09 11:54:09 | INFO     |     [patents] chunk  451/946 | rows 4,500,001–4,510,000 |  7.80s | CPU  25.0% | RAM  65.1%
2026-05-09 11:54:14 | INFO     |     [patents] chunk  452/946 | rows 4,510,001–4,520,000 |  5.83s | CPU   8.3% | RAM  65.3%
2026-05-09 11:54:21 | INFO     |     [patents] chunk  453/946 | rows 4,520,001–4,530,000 |  6.06s | CPU  15.4% | RAM  65.8%
2026-05-09 11:54:27 | INFO     |     [patents] chunk  454/946 | rows 4,530,001–4,540,000 |  6.43s | CPU  23.1% | RAM  65.7%
2026-05-09 11:54:33 | INFO     |     [patents] chunk  455/946 | rows 4,540,001–4,550,000 |  5.42s | CPU  23.1% | RAM  65.7%
2026-05-09 11:54:40 | INFO     |     [patents] chunk  456/946 | rows 4,550,001–4,560,000 |  7.00s | CPU  42.9% | RAM  64.8%
2026-05-09 11:54:50 | INFO     |     [patents] chunk  457/946 | rows 4,560,001–4,570,000 | 10.19s | CPU  23.1% | RAM  63.8%
2026-05-09 11:54:55 | INFO     |     [patents] chunk  458/946 | rows 4,570,001–4,580,000 |  5.00s | CPU   0.0% | RAM  63.9%
2026-05-09 11:55:00 | INFO     |     [patents] chunk  459/946 | rows 4,580,001–4,590,000 |  4.80s | CPU  16.7% | RAM  64.1%
2026-05-09 11:55:10 | INFO     |     [patents] chunk  460/946 | rows 4,590,001–4,600,000 | 10.27s | CPU  16.7% | RAM  63.4%
2026-05-09 11:55:19 | INFO     |     [patents] chunk  461/946 | rows 4,600,001–4,610,000 |  8.63s | CPU  16.7% | RAM  63.9%
2026-05-09 11:55:26 | INFO     |     [patents] chunk  462/946 | rows 4,610,001–4,620,000 |  6.97s | CPU  26.7% | RAM  64.5%
2026-05-09 11:55:34 | INFO     |     [patents] chunk  463/946 | rows 4,620,001–4,630,000 |  7.99s | CPU  11.8% | RAM  64.6%
2026-05-09 11:55:40 | INFO     |     [patents] chunk  464/946 | rows 4,630,001–4,640,000 |  6.12s | CPU  16.7% | RAM  64.7%
2026-05-09 11:55:47 | INFO     |     [patents] chunk  465/946 | rows 4,640,001–4,650,000 |  6.41s | CPU  62.5% | RAM  64.8%
2026-05-09 11:55:58 | INFO     |     [patents] chunk  466/946 | rows 4,650,001–4,660,000 | 11.51s | CPU   6.7% | RAM  65.2%
2026-05-09 11:56:07 | INFO     |     [patents] chunk  467/946 | rows 4,660,001–4,670,000 |  8.85s | CPU  33.3% | RAM  65.4%
2026-05-09 11:56:15 | INFO     |     [patents] chunk  468/946 | rows 4,670,001–4,680,000 |  8.30s | CPU 100.0% | RAM  65.4%
2026-05-09 11:56:24 | INFO     |     [patents] chunk  469/946 | rows 4,680,001–4,690,000 |  8.70s | CPU   8.3% | RAM  65.7%
2026-05-09 11:56:30 | INFO     |     [patents] chunk  470/946 | rows 4,690,001–4,700,000 |  5.83s | CPU  33.3% | RAM  65.4%
2026-05-09 11:56:42 | INFO     |     [patents] chunk  471/946 | rows 4,700,001–4,710,000 | 12.23s | CPU  66.7% | RAM  65.7%
2026-05-09 11:56:56 | INFO     |     [patents] chunk  472/946 | rows 4,710,001–4,720,000 | 13.40s | CPU   8.3% | RAM  66.5%
2026-05-09 11:57:02 | INFO     |     [patents] chunk  473/946 | rows 4,720,001–4,730,000 |  6.30s | CPU  16.7% | RAM  66.6%
2026-05-09 11:57:10 | INFO     |     [patents] chunk  474/946 | rows 4,730,001–4,740,000 |  7.36s | CPU  16.7% | RAM  66.8%
2026-05-09 11:57:17 | INFO     |     [patents] chunk  475/946 | rows 4,740,001–4,750,000 |  6.80s | CPU   0.0% | RAM  66.1%
2026-05-09 11:57:22 | INFO     |     [patents] chunk  476/946 | rows 4,750,001–4,760,000 |  5.85s | CPU  33.3% | RAM  66.3%
2026-05-09 11:57:28 | INFO     |     [patents] chunk  477/946 | rows 4,760,001–4,770,000 |  5.91s | CPU  17.6% | RAM  66.4%
2026-05-09 11:57:35 | INFO     |     [patents] chunk  478/946 | rows 4,770,001–4,780,000 |  6.30s | CPU   7.1% | RAM  66.6%
2026-05-09 11:57:40 | INFO     |     [patents] chunk  479/946 | rows 4,780,001–4,790,000 |  5.51s | CPU   0.0% | RAM  66.7%
2026-05-09 11:57:46 | INFO     |     [patents] chunk  480/946 | rows 4,790,001–4,800,000 |  5.66s | CPU   7.1% | RAM  66.7%
2026-05-09 11:57:52 | INFO     |     [patents] chunk  481/946 | rows 4,800,001–4,810,000 |  5.96s | CPU   0.0% | RAM  65.6%
2026-05-09 11:57:59 | INFO     |     [patents] chunk  482/946 | rows 4,810,001–4,820,000 |  6.94s | CPU   0.0% | RAM  65.5%
2026-05-09 11:58:05 | INFO     |     [patents] chunk  483/946 | rows 4,820,001–4,830,000 |  6.24s | CPU   8.3% | RAM  66.0%
2026-05-09 11:58:11 | INFO     |     [patents] chunk  484/946 | rows 4,830,001–4,840,000 |  5.49s | CPU   0.0% | RAM  66.3%
2026-05-09 11:58:17 | INFO     |     [patents] chunk  485/946 | rows 4,840,001–4,850,000 |  6.45s | CPU   9.1% | RAM  66.4%
2026-05-09 11:58:24 | INFO     |     [patents] chunk  486/946 | rows 4,850,001–4,860,000 |  6.03s | CPU   0.0% | RAM  66.5%
2026-05-09 11:58:29 | INFO     |     [patents] chunk  487/946 | rows 4,860,001–4,870,000 |  5.15s | CPU  15.4% | RAM  66.5%
2026-05-09 11:58:35 | INFO     |     [patents] chunk  488/946 | rows 4,870,001–4,880,000 |  6.23s | CPU   8.3% | RAM  65.7%
2026-05-09 11:58:41 | INFO     |     [patents] chunk  489/946 | rows 4,880,001–4,890,000 |  5.61s | CPU  16.7% | RAM  65.8%
2026-05-09 11:58:47 | INFO     |     [patents] chunk  490/946 | rows 4,890,001–4,900,000 |  6.07s | CPU   6.2% | RAM  65.9%
2026-05-09 11:58:53 | INFO     |     [patents] chunk  491/946 | rows 4,900,001–4,910,000 |  5.85s | CPU  33.3% | RAM  65.7%
2026-05-09 11:59:00 | INFO     |     [patents] chunk  492/946 | rows 4,910,001–4,920,000 |  6.95s | CPU  27.3% | RAM  65.0%
2026-05-09 11:59:06 | INFO     |     [patents] chunk  493/946 | rows 4,920,001–4,930,000 |  6.55s | CPU   8.3% | RAM  65.5%
2026-05-09 11:59:14 | INFO     |     [patents] chunk  494/946 | rows 4,930,001–4,940,000 |  7.10s | CPU  25.0% | RAM  65.9%
2026-05-09 11:59:20 | INFO     |     [patents] chunk  495/946 | rows 4,940,001–4,950,000 |  6.32s | CPU  14.3% | RAM  66.4%
2026-05-09 11:59:26 | INFO     |     [patents] chunk  496/946 | rows 4,950,001–4,960,000 |  5.67s | CPU   8.3% | RAM  66.3%
2026-05-09 11:59:31 | INFO     |     [patents] chunk  497/946 | rows 4,960,001–4,970,000 |  5.30s | CPU  20.0% | RAM  66.2%
2026-05-09 11:59:38 | INFO     |     [patents] chunk  498/946 | rows 4,970,001–4,980,000 |  6.45s | CPU  46.2% | RAM  65.6%
2026-05-09 11:59:45 | INFO     |     [patents] chunk  499/946 | rows 4,980,001–4,990,000 |  7.22s | CPU  25.0% | RAM  65.4%
2026-05-09 11:59:50 | INFO     |     [patents] chunk  500/946 | rows 4,990,001–5,000,000 |  5.63s | CPU   7.7% | RAM  65.3%
2026-05-09 11:59:56 | INFO     |     [patents] chunk  501/946 | rows 5,000,001–5,010,000 |  5.41s | CPU   0.0% | RAM  65.3%
2026-05-09 12:00:02 | INFO     |     [patents] chunk  502/946 | rows 5,010,001–5,020,000 |  6.40s | CPU   0.0% | RAM  63.9%
2026-05-09 12:00:09 | INFO     |     [patents] chunk  503/946 | rows 5,020,001–5,030,000 |  6.04s | CPU  30.0% | RAM  64.6%
2026-05-09 12:00:14 | INFO     |     [patents] chunk  504/946 | rows 5,030,001–5,040,000 |  5.86s | CPU   0.0% | RAM  64.8%
2026-05-09 12:00:20 | INFO     |     [patents] chunk  505/946 | rows 5,040,001–5,050,000 |  5.87s | CPU   0.0% | RAM  65.2%
2026-05-09 12:00:26 | INFO     |     [patents] chunk  506/946 | rows 5,050,001–5,060,000 |  5.60s | CPU  16.7% | RAM  65.3%
2026-05-09 12:00:32 | INFO     |     [patents] chunk  507/946 | rows 5,060,001–5,070,000 |  6.00s | CPU  14.3% | RAM  65.2%
2026-05-09 12:00:39 | INFO     |     [patents] chunk  508/946 | rows 5,070,001–5,080,000 |  6.41s | CPU  26.7% | RAM  65.2%
2026-05-09 12:00:45 | INFO     |     [patents] chunk  509/946 | rows 5,080,001–5,090,000 |  6.67s | CPU  16.7% | RAM  65.3%
2026-05-09 12:00:52 | INFO     |     [patents] chunk  510/946 | rows 5,090,001–5,100,000 |  6.15s | CPU  25.0% | RAM  65.1%
2026-05-09 12:00:58 | INFO     |     [patents] chunk  511/946 | rows 5,100,001–5,110,000 |  6.27s | CPU  50.0% | RAM  65.2%
2026-05-09 12:01:05 | INFO     |     [patents] chunk  512/946 | rows 5,110,001–5,120,000 |  6.99s | CPU  15.4% | RAM  64.8%
2026-05-09 12:01:11 | INFO     |     [patents] chunk  513/946 | rows 5,120,001–5,130,000 |  5.63s | CPU   8.3% | RAM  64.7%
2026-05-09 12:01:17 | INFO     |     [patents] chunk  514/946 | rows 5,130,001–5,140,000 |  6.18s | CPU  16.7% | RAM  64.8%
2026-05-09 12:01:23 | INFO     |     [patents] chunk  515/946 | rows 5,140,001–5,150,000 |  5.69s | CPU  30.0% | RAM  65.2%
2026-05-09 12:01:30 | INFO     |     [patents] chunk  516/946 | rows 5,150,001–5,160,000 |  6.97s | CPU   8.3% | RAM  65.4%
2026-05-09 12:01:36 | INFO     |     [patents] chunk  517/946 | rows 5,160,001–5,170,000 |  6.72s | CPU   6.7% | RAM  65.6%
2026-05-09 12:01:42 | INFO     |     [patents] chunk  518/946 | rows 5,170,001–5,180,000 |  5.70s | CPU   0.0% | RAM  65.6%
2026-05-09 12:01:48 | INFO     |     [patents] chunk  519/946 | rows 5,180,001–5,190,000 |  5.73s | CPU   0.0% | RAM  65.5%
2026-05-09 12:01:53 | INFO     |     [patents] chunk  520/946 | rows 5,190,001–5,200,000 |  5.11s | CPU  16.7% | RAM  65.4%
2026-05-09 12:01:58 | INFO     |     [patents] chunk  521/946 | rows 5,200,001–5,210,000 |  4.76s | CPU   0.0% | RAM  65.4%
2026-05-09 12:02:03 | INFO     |     [patents] chunk  522/946 | rows 5,210,001–5,220,000 |  4.88s | CPU  50.0% | RAM  65.5%
2026-05-09 12:02:09 | INFO     |     [patents] chunk  523/946 | rows 5,220,001–5,230,000 |  5.74s | CPU   0.0% | RAM  64.9%
2026-05-09 12:02:14 | INFO     |     [patents] chunk  524/946 | rows 5,230,001–5,240,000 |  4.79s | CPU   0.0% | RAM  65.4%
2026-05-09 12:02:19 | INFO     |     [patents] chunk  525/946 | rows 5,240,001–5,250,000 |  5.80s | CPU  14.3% | RAM  65.7%
2026-05-09 12:02:25 | INFO     |     [patents] chunk  526/946 | rows 5,250,001–5,260,000 |  5.91s | CPU  23.1% | RAM  66.1%
2026-05-09 12:02:31 | INFO     |     [patents] chunk  527/946 | rows 5,260,001–5,270,000 |  5.77s | CPU   7.7% | RAM  66.1%
2026-05-09 12:02:39 | INFO     |     [patents] chunk  528/946 | rows 5,270,001–5,280,000 |  7.25s | CPU  33.3% | RAM  66.6%
2026-05-09 12:02:44 | INFO     |     [patents] chunk  529/946 | rows 5,280,001–5,290,000 |  5.61s | CPU  38.5% | RAM  66.6%
2026-05-09 12:02:50 | INFO     |     [patents] chunk  530/946 | rows 5,290,001–5,300,000 |  5.77s | CPU   8.3% | RAM  66.7%
2026-05-09 12:02:56 | INFO     |     [patents] chunk  531/946 | rows 5,300,001–5,310,000 |  5.56s | CPU  25.0% | RAM  66.5%
2026-05-09 12:03:01 | INFO     |     [patents] chunk  532/946 | rows 5,310,001–5,320,000 |  5.76s | CPU   0.0% | RAM  66.5%
2026-05-09 12:03:07 | INFO     |     [patents] chunk  533/946 | rows 5,320,001–5,330,000 |  5.80s | CPU   8.3% | RAM  66.2%
2026-05-09 12:03:14 | INFO     |     [patents] chunk  534/946 | rows 5,330,001–5,340,000 |  6.77s | CPU  23.1% | RAM  65.5%
2026-05-09 12:03:20 | INFO     |     [patents] chunk  535/946 | rows 5,340,001–5,350,000 |  5.40s | CPU  25.0% | RAM  66.2%
2026-05-09 12:03:28 | INFO     |     [patents] chunk  536/946 | rows 5,350,001–5,360,000 |  8.40s | CPU   0.0% | RAM  66.4%
2026-05-09 12:03:34 | INFO     |     [patents] chunk  537/946 | rows 5,360,001–5,370,000 |  5.80s | CPU  25.0% | RAM  66.5%
2026-05-09 12:03:39 | INFO     |     [patents] chunk  538/946 | rows 5,370,001–5,380,000 |  4.70s | CPU  17.6% | RAM  66.5%
2026-05-09 12:03:44 | INFO     |     [patents] chunk  539/946 | rows 5,380,001–5,390,000 |  4.76s | CPU   0.0% | RAM  66.6%
2026-05-09 12:03:48 | INFO     |     [patents] chunk  540/946 | rows 5,390,001–5,400,000 |  4.63s | CPU  23.1% | RAM  66.7%
2026-05-09 12:03:53 | INFO     |     [patents] chunk  541/946 | rows 5,400,001–5,410,000 |  4.63s | CPU  25.0% | RAM  66.6%
2026-05-09 12:03:59 | INFO     |     [patents] chunk  542/946 | rows 5,410,001–5,420,000 |  6.02s | CPU  16.7% | RAM  66.3%
2026-05-09 12:04:05 | INFO     |     [patents] chunk  543/946 | rows 5,420,001–5,430,000 |  5.74s | CPU   7.1% | RAM  66.4%
2026-05-09 12:04:10 | INFO     |     [patents] chunk  544/946 | rows 5,430,001–5,440,000 |  5.07s | CPU   8.3% | RAM  66.4%
2026-05-09 12:04:16 | INFO     |     [patents] chunk  545/946 | rows 5,440,001–5,450,000 |  6.02s | CPU   8.3% | RAM  66.5%
2026-05-09 12:04:22 | INFO     |     [patents] chunk  546/946 | rows 5,450,001–5,460,000 |  6.12s | CPU  53.3% | RAM  66.5%
2026-05-09 12:04:29 | INFO     |     [patents] chunk  547/946 | rows 5,460,001–5,470,000 |  6.59s | CPU  50.0% | RAM  66.5%
2026-05-09 12:04:34 | INFO     |     [patents] chunk  548/946 | rows 5,470,001–5,480,000 |  5.53s | CPU   0.0% | RAM  66.6%
2026-05-09 12:04:40 | INFO     |     [patents] chunk  549/946 | rows 5,480,001–5,490,000 |  5.18s | CPU   0.0% | RAM  65.9%
2026-05-09 12:04:44 | INFO     |     [patents] chunk  550/946 | rows 5,490,001–5,500,000 |  4.72s | CPU   6.2% | RAM  65.9%
2026-05-09 12:04:50 | INFO     |     [patents] chunk  551/946 | rows 5,500,001–5,510,000 |  5.34s | CPU   0.0% | RAM  65.8%
2026-05-09 12:04:55 | INFO     |     [patents] chunk  552/946 | rows 5,510,001–5,520,000 |  4.97s | CPU  16.7% | RAM  65.7%
2026-05-09 12:05:00 | INFO     |     [patents] chunk  553/946 | rows 5,520,001–5,530,000 |  5.31s | CPU  23.1% | RAM  65.8%
2026-05-09 12:05:06 | INFO     |     [patents] chunk  554/946 | rows 5,530,001–5,540,000 |  5.57s | CPU   0.0% | RAM  65.8%
2026-05-09 12:05:11 | INFO     |     [patents] chunk  555/946 | rows 5,540,001–5,550,000 |  5.07s | CPU  25.0% | RAM  65.9%
2026-05-09 12:05:17 | INFO     |     [patents] chunk  556/946 | rows 5,550,001–5,560,000 |  5.80s | CPU   0.0% | RAM  65.9%
2026-05-09 12:05:23 | INFO     |     [patents] chunk  557/946 | rows 5,560,001–5,570,000 |  6.31s | CPU  38.5% | RAM  65.4%
2026-05-09 12:05:29 | INFO     |     [patents] chunk  558/946 | rows 5,570,001–5,580,000 |  5.40s | CPU  16.7% | RAM  66.0%
2026-05-09 12:05:35 | INFO     |     [patents] chunk  559/946 | rows 5,580,001–5,590,000 |  6.33s | CPU   0.0% | RAM  66.1%
2026-05-09 12:05:40 | INFO     |     [patents] chunk  560/946 | rows 5,590,001–5,600,000 |  4.60s | CPU  16.7% | RAM  66.2%
2026-05-09 12:05:45 | INFO     |     [patents] chunk  561/946 | rows 5,600,001–5,610,000 |  4.74s | CPU   0.0% | RAM  66.3%
2026-05-09 12:05:50 | INFO     |     [patents] chunk  562/946 | rows 5,610,001–5,620,000 |  5.41s | CPU   7.7% | RAM  66.3%
2026-05-09 12:05:56 | INFO     |     [patents] chunk  563/946 | rows 5,620,001–5,630,000 |  5.76s | CPU   0.0% | RAM  66.0%
2026-05-09 12:06:02 | INFO     |     [patents] chunk  564/946 | rows 5,630,001–5,640,000 |  5.66s | CPU   0.0% | RAM  65.9%
2026-05-09 12:06:08 | INFO     |     [patents] chunk  565/946 | rows 5,640,001–5,650,000 |  5.84s | CPU   0.0% | RAM  66.0%
2026-05-09 12:06:13 | INFO     |     [patents] chunk  566/946 | rows 5,650,001–5,660,000 |  5.37s | CPU   0.0% | RAM  66.1%
2026-05-09 12:06:19 | INFO     |     [patents] chunk  567/946 | rows 5,660,001–5,670,000 |  6.05s | CPU  30.8% | RAM  66.3%
2026-05-09 12:06:25 | INFO     |     [patents] chunk  568/946 | rows 5,670,001–5,680,000 |  5.90s | CPU  16.7% | RAM  66.5%
2026-05-09 12:06:31 | INFO     |     [patents] chunk  569/946 | rows 5,680,001–5,690,000 |  6.16s | CPU   0.0% | RAM  66.2%
2026-05-09 12:06:38 | INFO     |     [patents] chunk  570/946 | rows 5,690,001–5,700,000 |  6.51s | CPU  16.7% | RAM  66.7%
2026-05-09 12:06:43 | INFO     |     [patents] chunk  571/946 | rows 5,700,001–5,710,000 |  4.72s | CPU  23.1% | RAM  66.6%
2026-05-09 12:06:48 | INFO     |     [patents] chunk  572/946 | rows 5,710,001–5,720,000 |  4.86s | CPU   0.0% | RAM  66.7%
2026-05-09 12:06:52 | INFO     |     [patents] chunk  573/946 | rows 5,720,001–5,730,000 |  4.66s | CPU  35.7% | RAM  66.4%
2026-05-09 12:06:58 | INFO     |     [patents] chunk  574/946 | rows 5,730,001–5,740,000 |  6.00s | CPU   8.3% | RAM  66.5%
2026-05-09 12:07:03 | INFO     |     [patents] chunk  575/946 | rows 5,740,001–5,750,000 |  5.07s | CPU  33.3% | RAM  66.5%
2026-05-09 12:07:09 | INFO     |     [patents] chunk  576/946 | rows 5,750,001–5,760,000 |  5.49s | CPU   0.0% | RAM  66.3%
2026-05-09 12:07:14 | INFO     |     [patents] chunk  577/946 | rows 5,760,001–5,770,000 |  5.25s | CPU   8.3% | RAM  66.6%
2026-05-09 12:07:18 | INFO     |     [patents] chunk  578/946 | rows 5,770,001–5,780,000 |  3.87s | CPU   9.1% | RAM  66.6%
2026-05-09 12:07:23 | INFO     |     [patents] chunk  579/946 | rows 5,780,001–5,790,000 |  4.63s | CPU   0.0% | RAM  67.0%
2026-05-09 12:07:27 | INFO     |     [patents] chunk  580/946 | rows 5,790,001–5,800,000 |  4.41s | CPU   0.0% | RAM  67.1%
2026-05-09 12:07:32 | INFO     |     [patents] chunk  581/946 | rows 5,800,001–5,810,000 |  4.32s | CPU   7.7% | RAM  67.0%
2026-05-09 12:07:37 | INFO     |     [patents] chunk  582/946 | rows 5,810,001–5,820,000 |  4.80s | CPU   0.0% | RAM  66.3%
2026-05-09 12:07:50 | INFO     |     [patents] chunk  583/946 | rows 5,820,001–5,830,000 | 13.29s | CPU   0.0% | RAM  66.3%
2026-05-09 12:07:55 | INFO     |     [patents] chunk  584/946 | rows 5,830,001–5,840,000 |  5.30s | CPU  20.0% | RAM  66.4%
2026-05-09 12:08:00 | INFO     |     [patents] chunk  585/946 | rows 5,840,001–5,850,000 |  5.01s | CPU   0.0% | RAM  66.3%
2026-05-09 12:08:06 | INFO     |     [patents] chunk  586/946 | rows 5,850,001–5,860,000 |  5.09s | CPU  33.3% | RAM  66.1%
2026-05-09 12:08:11 | INFO     |     [patents] chunk  587/946 | rows 5,860,001–5,870,000 |  5.12s | CPU   8.3% | RAM  66.1%
2026-05-09 12:08:16 | INFO     |     [patents] chunk  588/946 | rows 5,870,001–5,880,000 |  4.98s | CPU   0.0% | RAM  66.1%
2026-05-09 12:08:21 | INFO     |     [patents] chunk  589/946 | rows 5,880,001–5,890,000 |  4.91s | CPU   0.0% | RAM  66.4%
2026-05-09 12:08:26 | INFO     |     [patents] chunk  590/946 | rows 5,890,001–5,900,000 |  5.30s | CPU  25.0% | RAM  66.2%
2026-05-09 12:08:32 | INFO     |     [patents] chunk  591/946 | rows 5,900,001–5,910,000 |  5.33s | CPU  23.1% | RAM  66.4%
2026-05-09 12:08:37 | INFO     |     [patents] chunk  592/946 | rows 5,910,001–5,920,000 |  5.46s | CPU   6.2% | RAM  65.9%
2026-05-09 12:08:42 | INFO     |     [patents] chunk  593/946 | rows 5,920,001–5,930,000 |  4.99s | CPU   8.3% | RAM  66.1%
2026-05-09 12:08:48 | INFO     |     [patents] chunk  594/946 | rows 5,930,001–5,940,000 |  5.78s | CPU  33.3% | RAM  66.1%
2026-05-09 12:08:54 | INFO     |     [patents] chunk  595/946 | rows 5,940,001–5,950,000 |  5.68s | CPU  25.0% | RAM  66.0%
2026-05-09 12:08:59 | INFO     |     [patents] chunk  596/946 | rows 5,950,001–5,960,000 |  5.46s | CPU  25.0% | RAM  66.0%
2026-05-09 12:09:04 | INFO     |     [patents] chunk  597/946 | rows 5,960,001–5,970,000 |  5.06s | CPU  16.7% | RAM  66.0%
2026-05-09 12:09:09 | INFO     |     [patents] chunk  598/946 | rows 5,970,001–5,980,000 |  4.80s | CPU   7.7% | RAM  66.1%
2026-05-09 12:09:14 | INFO     |     [patents] chunk  599/946 | rows 5,980,001–5,990,000 |  4.63s | CPU   7.7% | RAM  66.1%
2026-05-09 12:09:19 | INFO     |     [patents] chunk  600/946 | rows 5,990,001–6,000,000 |  4.65s | CPU   8.3% | RAM  66.1%
2026-05-09 12:09:24 | INFO     |     [patents] chunk  601/946 | rows 6,000,001–6,010,000 |  5.73s | CPU   0.0% | RAM  66.3%
2026-05-09 12:09:30 | INFO     |     [patents] chunk  602/946 | rows 6,010,001–6,020,000 |  5.22s | CPU  16.7% | RAM  66.4%
2026-05-09 12:09:35 | INFO     |     [patents] chunk  603/946 | rows 6,020,001–6,030,000 |  5.40s | CPU   0.0% | RAM  66.5%
2026-05-09 12:09:42 | INFO     |     [patents] chunk  604/946 | rows 6,030,001–6,040,000 |  7.04s | CPU  30.8% | RAM  64.8%
2026-05-09 12:09:49 | INFO     |     [patents] chunk  605/946 | rows 6,040,001–6,050,000 |  6.29s | CPU   9.1% | RAM  64.9%
2026-05-09 12:09:55 | INFO     |     [patents] chunk  606/946 | rows 6,050,001–6,060,000 |  5.96s | CPU   8.3% | RAM  64.7%
2026-05-09 12:10:01 | INFO     |     [patents] chunk  607/946 | rows 6,060,001–6,070,000 |  6.12s | CPU   0.0% | RAM  64.8%
2026-05-09 12:10:07 | INFO     |     [patents] chunk  608/946 | rows 6,070,001–6,080,000 |  5.84s | CPU  16.7% | RAM  64.9%
2026-05-09 12:10:11 | INFO     |     [patents] chunk  609/946 | rows 6,080,001–6,090,000 |  4.61s | CPU   6.7% | RAM  64.8%
2026-05-09 12:10:16 | INFO     |     [patents] chunk  610/946 | rows 6,090,001–6,100,000 |  4.93s | CPU   0.0% | RAM  64.9%
2026-05-09 12:10:22 | INFO     |     [patents] chunk  611/946 | rows 6,100,001–6,110,000 |  5.92s | CPU   0.0% | RAM  65.3%
2026-05-09 12:10:29 | INFO     |     [patents] chunk  612/946 | rows 6,110,001–6,120,000 |  6.51s | CPU  23.1% | RAM  65.6%
2026-05-09 12:10:35 | INFO     |     [patents] chunk  613/946 | rows 6,120,001–6,130,000 |  6.37s | CPU  25.0% | RAM  65.5%
2026-05-09 12:10:41 | INFO     |     [patents] chunk  614/946 | rows 6,130,001–6,140,000 |  5.60s | CPU  16.7% | RAM  65.5%
2026-05-09 12:10:46 | INFO     |     [patents] chunk  615/946 | rows 6,140,001–6,150,000 |  5.43s | CPU  33.3% | RAM  65.5%
2026-05-09 12:10:54 | INFO     |     [patents] chunk  616/946 | rows 6,150,001–6,160,000 |  7.51s | CPU   0.0% | RAM  65.1%
2026-05-09 12:11:00 | INFO     |     [patents] chunk  617/946 | rows 6,160,001–6,170,000 |  6.34s | CPU  50.0% | RAM  65.2%
2026-05-09 12:11:07 | INFO     |     [patents] chunk  618/946 | rows 6,170,001–6,180,000 |  6.03s | CPU   0.0% | RAM  65.1%
2026-05-09 12:11:12 | INFO     |     [patents] chunk  619/946 | rows 6,180,001–6,190,000 |  5.68s | CPU   0.0% | RAM  64.9%
2026-05-09 12:11:18 | INFO     |     [patents] chunk  620/946 | rows 6,190,001–6,200,000 |  5.77s | CPU   0.0% | RAM  64.9%
2026-05-09 12:11:24 | INFO     |     [patents] chunk  621/946 | rows 6,200,001–6,210,000 |  5.95s | CPU   0.0% | RAM  65.1%
2026-05-09 12:11:30 | INFO     |     [patents] chunk  622/946 | rows 6,210,001–6,220,000 |  6.28s | CPU  30.8% | RAM  65.5%
2026-05-09 12:11:46 | INFO     |     [patents] chunk  623/946 | rows 6,220,001–6,230,000 | 15.85s | CPU 100.0% | RAM  65.7%
2026-05-09 12:11:56 | INFO     |     [patents] chunk  624/946 | rows 6,230,001–6,240,000 |  9.65s | CPU  16.7% | RAM  65.4%
2026-05-09 12:12:03 | INFO     |     [patents] chunk  625/946 | rows 6,240,001–6,250,000 |  7.08s | CPU   8.3% | RAM  65.7%
2026-05-09 12:12:09 | INFO     |     [patents] chunk  626/946 | rows 6,250,001–6,260,000 |  5.44s | CPU  33.3% | RAM  65.8%
2026-05-09 12:12:15 | INFO     |     [patents] chunk  627/946 | rows 6,260,001–6,270,000 |  6.11s | CPU   0.0% | RAM  64.9%
2026-05-09 12:12:21 | INFO     |     [patents] chunk  628/946 | rows 6,270,001–6,280,000 |  5.53s | CPU  41.7% | RAM  65.5%
2026-05-09 12:12:28 | INFO     |     [patents] chunk  629/946 | rows 6,280,001–6,290,000 |  7.22s | CPU  27.3% | RAM  65.9%
2026-05-09 12:12:36 | INFO     |     [patents] chunk  630/946 | rows 6,290,001–6,300,000 |  7.81s | CPU  25.0% | RAM  66.5%
2026-05-09 12:12:43 | INFO     |     [patents] chunk  631/946 | rows 6,300,001–6,310,000 |  7.27s | CPU  23.1% | RAM  66.8%
2026-05-09 12:12:51 | INFO     |     [patents] chunk  632/946 | rows 6,310,001–6,320,000 |  8.00s | CPU  53.8% | RAM  66.8%
2026-05-09 12:12:58 | INFO     |     [patents] chunk  633/946 | rows 6,320,001–6,330,000 |  7.13s | CPU  26.7% | RAM  66.7%
2026-05-09 12:13:06 | INFO     |     [patents] chunk  634/946 | rows 6,330,001–6,340,000 |  7.25s | CPU  16.7% | RAM  66.8%
2026-05-09 12:13:11 | INFO     |     [patents] chunk  635/946 | rows 6,340,001–6,350,000 |  5.56s | CPU   8.3% | RAM  66.8%
2026-05-09 12:13:21 | INFO     |     [patents] chunk  636/946 | rows 6,350,001–6,360,000 |  9.33s | CPU  41.7% | RAM  67.0%
2026-05-09 12:13:27 | INFO     |     [patents] chunk  637/946 | rows 6,360,001–6,370,000 |  6.34s | CPU   0.0% | RAM  67.1%
2026-05-09 12:13:33 | INFO     |     [patents] chunk  638/946 | rows 6,370,001–6,380,000 |  5.54s | CPU  36.4% | RAM  67.1%
2026-05-09 12:13:39 | INFO     |     [patents] chunk  639/946 | rows 6,380,001–6,390,000 |  6.43s | CPU  46.2% | RAM  66.1%
2026-05-09 12:13:45 | INFO     |     [patents] chunk  640/946 | rows 6,390,001–6,400,000 |  5.84s | CPU   0.0% | RAM  66.5%
2026-05-09 12:13:54 | INFO     |     [patents] chunk  641/946 | rows 6,400,001–6,410,000 |  9.26s | CPU   7.7% | RAM  66.6%
2026-05-09 12:14:01 | INFO     |     [patents] chunk  642/946 | rows 6,410,001–6,420,000 |  6.61s | CPU   0.0% | RAM  66.7%
2026-05-09 12:14:07 | INFO     |     [patents] chunk  643/946 | rows 6,420,001–6,430,000 |  6.01s | CPU   0.0% | RAM  66.9%
2026-05-09 12:14:13 | INFO     |     [patents] chunk  644/946 | rows 6,430,001–6,440,000 |  5.53s | CPU  25.0% | RAM  66.7%
2026-05-09 12:14:19 | INFO     |     [patents] chunk  645/946 | rows 6,440,001–6,450,000 |  6.68s | CPU   8.3% | RAM  66.7%
2026-05-09 12:14:26 | INFO     |     [patents] chunk  646/946 | rows 6,450,001–6,460,000 |  6.50s | CPU   0.0% | RAM  67.0%
2026-05-09 12:14:31 | INFO     |     [patents] chunk  647/946 | rows 6,460,001–6,470,000 |  5.14s | CPU  30.8% | RAM  67.1%
2026-05-09 12:14:36 | INFO     |     [patents] chunk  648/946 | rows 6,470,001–6,480,000 |  4.62s | CPU   0.0% | RAM  67.1%
2026-05-09 12:14:41 | INFO     |     [patents] chunk  649/946 | rows 6,480,001–6,490,000 |  5.39s | CPU  15.4% | RAM  66.5%
2026-05-09 12:14:48 | INFO     |     [patents] chunk  650/946 | rows 6,490,001–6,500,000 |  6.88s | CPU  15.4% | RAM  64.3%
2026-05-09 12:14:54 | INFO     |     [patents] chunk  651/946 | rows 6,500,001–6,510,000 |  5.79s | CPU   8.3% | RAM  63.0%
2026-05-09 12:14:59 | INFO     |     [patents] chunk  652/946 | rows 6,510,001–6,520,000 |  5.10s | CPU  10.0% | RAM  63.6%
2026-05-09 12:15:05 | INFO     |     [patents] chunk  653/946 | rows 6,520,001–6,530,000 |  5.93s | CPU   0.0% | RAM  63.7%
2026-05-09 12:15:11 | INFO     |     [patents] chunk  654/946 | rows 6,530,001–6,540,000 |  5.35s | CPU  14.3% | RAM  63.9%
2026-05-09 12:15:16 | INFO     |     [patents] chunk  655/946 | rows 6,540,001–6,550,000 |  5.43s | CPU  16.7% | RAM  64.0%
2026-05-09 12:15:22 | INFO     |     [patents] chunk  656/946 | rows 6,550,001–6,560,000 |  5.56s | CPU   6.7% | RAM  64.4%
2026-05-09 12:15:27 | INFO     |     [patents] chunk  657/946 | rows 6,560,001–6,570,000 |  5.38s | CPU   8.3% | RAM  64.4%
2026-05-09 12:15:33 | INFO     |     [patents] chunk  658/946 | rows 6,570,001–6,580,000 |  5.26s | CPU   0.0% | RAM  64.3%
2026-05-09 12:15:38 | INFO     |     [patents] chunk  659/946 | rows 6,580,001–6,590,000 |  5.41s | CPU   8.3% | RAM  64.3%
2026-05-09 12:15:43 | INFO     |     [patents] chunk  660/946 | rows 6,590,001–6,600,000 |  5.37s | CPU  27.3% | RAM  64.2%
2026-05-09 12:15:49 | INFO     |     [patents] chunk  661/946 | rows 6,600,001–6,610,000 |  5.49s | CPU  25.0% | RAM  64.1%
2026-05-09 12:15:55 | INFO     |     [patents] chunk  662/946 | rows 6,610,001–6,620,000 |  5.58s | CPU   0.0% | RAM  63.9%
2026-05-09 12:16:00 | INFO     |     [patents] chunk  663/946 | rows 6,620,001–6,630,000 |  5.29s | CPU  38.5% | RAM  63.5%
2026-05-09 12:16:06 | INFO     |     [patents] chunk  664/946 | rows 6,630,001–6,640,000 |  6.06s | CPU  13.3% | RAM  63.8%
2026-05-09 12:16:12 | INFO     |     [patents] chunk  665/946 | rows 6,640,001–6,650,000 |  5.48s | CPU   0.0% | RAM  63.9%
2026-05-09 12:16:17 | INFO     |     [patents] chunk  666/946 | rows 6,650,001–6,660,000 |  5.24s | CPU   8.3% | RAM  64.0%
2026-05-09 12:16:23 | INFO     |     [patents] chunk  667/946 | rows 6,660,001–6,670,000 |  5.54s | CPU  18.8% | RAM  64.3%
2026-05-09 12:16:28 | INFO     |     [patents] chunk  668/946 | rows 6,670,001–6,680,000 |  5.24s | CPU   0.0% | RAM  64.3%
2026-05-09 12:16:33 | INFO     |     [patents] chunk  669/946 | rows 6,680,001–6,690,000 |  5.25s | CPU  30.8% | RAM  64.3%
2026-05-09 12:16:39 | INFO     |     [patents] chunk  670/946 | rows 6,690,001–6,700,000 |  5.87s | CPU   0.0% | RAM  64.7%
2026-05-09 12:16:45 | INFO     |     [patents] chunk  671/946 | rows 6,700,001–6,710,000 |  5.87s | CPU  25.0% | RAM  64.8%
2026-05-09 12:16:51 | INFO     |     [patents] chunk  672/946 | rows 6,710,001–6,720,000 |  5.56s | CPU   7.7% | RAM  64.7%
2026-05-09 12:16:57 | INFO     |     [patents] chunk  673/946 | rows 6,720,001–6,730,000 |  6.44s | CPU   0.0% | RAM  65.1%
2026-05-09 12:17:03 | INFO     |     [patents] chunk  674/946 | rows 6,730,001–6,740,000 |  5.67s | CPU   8.3% | RAM  64.2%
2026-05-09 12:17:08 | INFO     |     [patents] chunk  675/946 | rows 6,740,001–6,750,000 |  4.59s | CPU  20.0% | RAM  64.6%
2026-05-09 12:17:13 | INFO     |     [patents] chunk  676/946 | rows 6,750,001–6,760,000 |  5.83s | CPU  15.4% | RAM  65.0%
2026-05-09 12:17:19 | INFO     |     [patents] chunk  677/946 | rows 6,760,001–6,770,000 |  5.60s | CPU   0.0% | RAM  65.1%
2026-05-09 12:17:26 | INFO     |     [patents] chunk  678/946 | rows 6,770,001–6,780,000 |  7.03s | CPU   0.0% | RAM  65.8%
2026-05-09 12:17:33 | INFO     |     [patents] chunk  679/946 | rows 6,780,001–6,790,000 |  6.38s | CPU   0.0% | RAM  65.7%
2026-05-09 12:17:38 | INFO     |     [patents] chunk  680/946 | rows 6,790,001–6,800,000 |  5.41s | CPU   0.0% | RAM  65.3%
2026-05-09 12:17:43 | INFO     |     [patents] chunk  681/946 | rows 6,800,001–6,810,000 |  5.29s | CPU  16.7% | RAM  65.1%
2026-05-09 12:17:49 | INFO     |     [patents] chunk  682/946 | rows 6,810,001–6,820,000 |  5.32s | CPU   0.0% | RAM  65.5%
2026-05-09 12:17:54 | INFO     |     [patents] chunk  683/946 | rows 6,820,001–6,830,000 |  5.10s | CPU  25.0% | RAM  65.5%
2026-05-09 12:17:59 | INFO     |     [patents] chunk  684/946 | rows 6,830,001–6,840,000 |  4.93s | CPU   0.0% | RAM  65.6%
2026-05-09 12:18:05 | INFO     |     [patents] chunk  685/946 | rows 6,840,001–6,850,000 |  5.55s | CPU  25.0% | RAM  65.6%
2026-05-09 12:18:10 | INFO     |     [patents] chunk  686/946 | rows 6,850,001–6,860,000 |  5.13s | CPU  16.7% | RAM  64.7%
2026-05-09 12:18:15 | INFO     |     [patents] chunk  687/946 | rows 6,860,001–6,870,000 |  5.59s | CPU   0.0% | RAM  64.9%
2026-05-09 12:18:21 | INFO     |     [patents] chunk  688/946 | rows 6,870,001–6,880,000 |  5.96s | CPU   0.0% | RAM  65.4%
2026-05-09 12:18:27 | INFO     |     [patents] chunk  689/946 | rows 6,880,001–6,890,000 |  5.30s | CPU  23.1% | RAM  65.4%
2026-05-09 12:18:32 | INFO     |     [patents] chunk  690/946 | rows 6,890,001–6,900,000 |  5.12s | CPU  11.8% | RAM  65.5%
2026-05-09 12:18:38 | INFO     |     [patents] chunk  691/946 | rows 6,900,001–6,910,000 |  5.49s | CPU  23.1% | RAM  65.5%
2026-05-09 12:18:45 | INFO     |     [patents] chunk  692/946 | rows 6,910,001–6,920,000 |  7.19s | CPU   8.3% | RAM  65.1%
2026-05-09 12:18:49 | INFO     |     [patents] chunk  693/946 | rows 6,920,001–6,930,000 |  4.60s | CPU   0.0% | RAM  65.1%
2026-05-09 12:18:58 | INFO     |     [patents] chunk  694/946 | rows 6,930,001–6,940,000 |  8.57s | CPU  33.3% | RAM  65.5%
2026-05-09 12:19:04 | INFO     |     [patents] chunk  695/946 | rows 6,940,001–6,950,000 |  6.05s | CPU   0.0% | RAM  65.7%
2026-05-09 12:19:10 | INFO     |     [patents] chunk  696/946 | rows 6,950,001–6,960,000 |  5.34s | CPU  25.0% | RAM  65.7%
2026-05-09 12:19:15 | INFO     |     [patents] chunk  697/946 | rows 6,960,001–6,970,000 |  5.45s | CPU  16.7% | RAM  65.5%
2026-05-09 12:19:21 | INFO     |     [patents] chunk  698/946 | rows 6,970,001–6,980,000 |  6.19s | CPU  20.0% | RAM  64.6%
2026-05-09 12:19:27 | INFO     |     [patents] chunk  699/946 | rows 6,980,001–6,990,000 |  5.40s | CPU  18.2% | RAM  65.0%
2026-05-09 12:19:34 | INFO     |     [patents] chunk  700/946 | rows 6,990,001–7,000,000 |  7.24s | CPU  35.7% | RAM  65.2%
2026-05-09 12:19:40 | INFO     |     [patents] chunk  701/946 | rows 7,000,001–7,010,000 |  6.17s | CPU   8.3% | RAM  65.3%
2026-05-09 12:19:50 | INFO     |     [patents] chunk  702/946 | rows 7,010,001–7,020,000 |  9.65s | CPU  33.3% | RAM  63.8%
2026-05-09 12:19:58 | INFO     |     [patents] chunk  703/946 | rows 7,020,001–7,030,000 |  7.55s | CPU  16.7% | RAM  62.9%
2026-05-09 12:20:04 | INFO     |     [patents] chunk  704/946 | rows 7,030,001–7,040,000 |  5.95s | CPU   7.1% | RAM  62.8%
2026-05-09 12:20:10 | INFO     |     [patents] chunk  705/946 | rows 7,040,001–7,050,000 |  6.64s | CPU  23.1% | RAM  62.7%
2026-05-09 12:20:18 | INFO     |     [patents] chunk  706/946 | rows 7,050,001–7,060,000 |  7.86s | CPU 100.0% | RAM  62.8%
2026-05-09 12:20:28 | INFO     |     [patents] chunk  707/946 | rows 7,060,001–7,070,000 |  9.44s | CPU   0.0% | RAM  63.7%
2026-05-09 12:20:32 | INFO     |     [patents] chunk  708/946 | rows 7,070,001–7,080,000 |  4.25s | CPU   7.1% | RAM  63.6%
2026-05-09 12:20:37 | INFO     |     [patents] chunk  709/946 | rows 7,080,001–7,090,000 |  5.18s | CPU  12.5% | RAM  63.6%
2026-05-09 12:20:45 | INFO     |     [patents] chunk  710/946 | rows 7,090,001–7,100,000 |  7.66s | CPU   0.0% | RAM  63.0%
2026-05-09 12:20:51 | INFO     |     [patents] chunk  711/946 | rows 7,100,001–7,110,000 |  6.21s | CPU   7.1% | RAM  63.3%
2026-05-09 12:20:58 | INFO     |     [patents] chunk  712/946 | rows 7,110,001–7,120,000 |  6.49s | CPU  14.3% | RAM  63.4%
2026-05-09 12:21:05 | INFO     |     [patents] chunk  713/946 | rows 7,120,001–7,130,000 |  6.77s | CPU   0.0% | RAM  63.4%
2026-05-09 12:21:10 | INFO     |     [patents] chunk  714/946 | rows 7,130,001–7,140,000 |  5.57s | CPU  23.1% | RAM  63.5%
2026-05-09 12:21:16 | INFO     |     [patents] chunk  715/946 | rows 7,140,001–7,150,000 |  5.69s | CPU  16.7% | RAM  63.5%
2026-05-09 12:21:22 | INFO     |     [patents] chunk  716/946 | rows 7,150,001–7,160,000 |  5.65s | CPU   6.7% | RAM  63.8%
2026-05-09 12:21:27 | INFO     |     [patents] chunk  717/946 | rows 7,160,001–7,170,000 |  5.42s | CPU   6.7% | RAM  63.9%
2026-05-09 12:21:34 | INFO     |     [patents] chunk  718/946 | rows 7,170,001–7,180,000 |  6.08s | CPU  17.6% | RAM  64.0%
2026-05-09 12:21:39 | INFO     |     [patents] chunk  719/946 | rows 7,180,001–7,190,000 |  5.77s | CPU   0.0% | RAM  64.2%
2026-05-09 12:21:46 | INFO     |     [patents] chunk  720/946 | rows 7,190,001–7,200,000 |  6.20s | CPU   8.3% | RAM  64.3%
2026-05-09 12:21:51 | INFO     |     [patents] chunk  721/946 | rows 7,200,001–7,210,000 |  4.98s | CPU   7.7% | RAM  63.9%
2026-05-09 12:21:57 | INFO     |     [patents] chunk  722/946 | rows 7,210,001–7,220,000 |  5.95s | CPU  16.7% | RAM  62.8%
2026-05-09 12:22:01 | INFO     |     [patents] chunk  723/946 | rows 7,220,001–7,230,000 |  4.48s | CPU   0.0% | RAM  63.1%
2026-05-09 12:22:13 | INFO     |     [patents] chunk  724/946 | rows 7,230,001–7,240,000 | 11.64s | CPU  30.0% | RAM  64.0%
2026-05-09 12:22:18 | INFO     |     [patents] chunk  725/946 | rows 7,240,001–7,250,000 |  5.23s | CPU   0.0% | RAM  64.0%
2026-05-09 12:22:24 | INFO     |     [patents] chunk  726/946 | rows 7,250,001–7,260,000 |  5.61s | CPU  93.3% | RAM  64.4%
2026-05-09 12:22:29 | INFO     |     [patents] chunk  727/946 | rows 7,260,001–7,270,000 |  5.54s | CPU   0.0% | RAM  64.3%
2026-05-09 12:22:35 | INFO     |     [patents] chunk  728/946 | rows 7,270,001–7,280,000 |  5.07s | CPU   0.0% | RAM  64.5%
2026-05-09 12:22:39 | INFO     |     [patents] chunk  729/946 | rows 7,280,001–7,290,000 |  4.80s | CPU   0.0% | RAM  64.5%
2026-05-09 12:22:44 | INFO     |     [patents] chunk  730/946 | rows 7,290,001–7,300,000 |  4.65s | CPU  12.5% | RAM  64.6%
2026-05-09 12:22:49 | INFO     |     [patents] chunk  731/946 | rows 7,300,001–7,310,000 |  4.89s | CPU  23.1% | RAM  64.5%
2026-05-09 12:22:53 | INFO     |     [patents] chunk  732/946 | rows 7,310,001–7,320,000 |  4.31s | CPU  30.8% | RAM  63.9%
2026-05-09 12:23:00 | INFO     |     [patents] chunk  733/946 | rows 7,320,001–7,330,000 |  6.05s | CPU  66.7% | RAM  64.1%
2026-05-09 12:23:06 | INFO     |     [patents] chunk  734/946 | rows 7,330,001–7,340,000 |  5.94s | CPU  13.3% | RAM  64.3%
2026-05-09 12:23:16 | INFO     |     [patents] chunk  735/946 | rows 7,340,001–7,350,000 | 10.44s | CPU   0.0% | RAM  64.4%
2026-05-09 12:23:22 | INFO     |     [patents] chunk  736/946 | rows 7,350,001–7,360,000 |  5.69s | CPU   8.3% | RAM  65.1%
2026-05-09 12:23:27 | INFO     |     [patents] chunk  737/946 | rows 7,360,001–7,370,000 |  5.03s | CPU  17.6% | RAM  64.9%
2026-05-09 12:23:35 | INFO     |     [patents] chunk  738/946 | rows 7,370,001–7,380,000 |  8.43s | CPU   0.0% | RAM  65.0%
2026-05-09 12:23:41 | INFO     |     [patents] chunk  739/946 | rows 7,380,001–7,390,000 |  5.10s | CPU   8.3% | RAM  65.0%
2026-05-09 12:23:46 | INFO     |     [patents] chunk  740/946 | rows 7,390,001–7,400,000 |  5.03s | CPU   6.2% | RAM  65.1%
