2026-05-06 21:27:56,938 - INFO - ================================================================================
2026-05-06 21:27:56,942 - INFO - EXTRACT TSV FILES — STARTED
2026-05-06 21:27:56,944 - INFO - ================================================================================
2026-05-06 21:27:57,199 - INFO - 
[1/5] Loading patents...
2026-05-06 21:29:08,882 - INFO - Patents: 9,454,161 rows | Read time: 71.68s | Throughput: 131,894 rows/sec
2026-05-06 21:29:08,907 - INFO - 
[2/5] Loading abstracts...
2026-05-06 21:33:52,933 - INFO - Abstracts: 9,454,161 rows | Read time: 284.02s | Throughput: 33,287 rows/sec
2026-05-06 21:33:52,972 - INFO - 
[3/5] Loading inventors...
2026-05-06 21:39:35,784 - INFO - Inventors: 24,037,380 rows | Read time: 342.81s | Throughput: 70,119 rows/sec
2026-05-06 21:39:35,904 - INFO - 
[4/5] Loading locations...
2026-05-06 21:39:36,744 - INFO - Locations: 100,452 rows | Read time: 0.84s | Throughput: 119,936 rows/sec
2026-05-06 21:39:36,767 - INFO - 
[5/5] Loading assignees...
2026-05-06 21:40:32,075 - INFO - Assignees: 8,751,310 rows | Read time: 55.30s | Throughput: 158,246 rows/sec
2026-05-06 21:47:08,254 - INFO - ================================================================================
2026-05-06 21:47:08,257 - INFO - EXTRACT TSV FILES — COMPLETED
2026-05-06 21:47:08,259 - INFO - ================================================================================
2026-05-06 21:47:08,262 - INFO - Total execution time: 1151.31s
2026-05-06 21:47:08,276 - INFO - Output directory: ./data/tsv_specific_columns/
2026-05-06 21:47:08,278 - INFO - ================================================================================
